[backblue.gif]
[fade.gif]
[index.html]
[gorod53.ru/index.html]
[gorod53.ru/protivodejstvie-korruptcii.html]
[gorod53.ru/versiya-dlya-slabovidyashchih.html]
[gorod53.ru/o-nas.html]
[gorod53.ru/novosti/index.html]
[gorod53.ru/klubnie-formirovaniya/index.html]
[gorod53.ru/narodnie-kollektivi/index.html]
[gorod53.ru/uslugi/index.html]
[gorod53.ru/kontakty.html]
[gorod53.ru/anonsy/366.html]
[gorod53.ru/anonsy/index.html]
[gorod53.ru/anonsy/381.html]
[gorod53.ru/anonsy/378.html]
[gorod53.ru/anonsy/370.html]
[gorod53.ru/anonsy/371.html]
[gorod53.ru/novosti/109.html]
[gorod53.ru/fotogalereya/index.html]
[gorod53.ru/videoteka/index.html]
[bs.yandex.ru/informer/26044164/3_0_FFFFFFFF_EFEFEFFF_0_pageviews.html]
[gorod53.ru/mi-ispolzuem-cookie.html]
[gorod53.ru/indexe732.html]
[gorod53.ru/protivodejstvie-korruptciie732.html]
[gorod53.ru/versiya-dlya-slabovidyashchihe732.html]
[gorod53.ru/o-nase732.html]
[gorod53.ru/novosti/110.html]
[gorod53.ru/novosti/108.html]
[gorod53.ru/novosti/index7ee3.html]
[gorod53.ru/novosti/indexe732.html]
[gorod53.ru/klubnie-formirovaniya/horeograficheskie-kollektivi/index.html]
[gorod53.ru/klubnie-formirovaniya/vokalnie-kollektivi/index.html]
[gorod53.ru/klubnie-formirovaniya/dekorativno-prikladnoe-tvorchestvo/index.html]
[gorod53.ru/klubnie-formirovaniya/izobrazitelnoe-iskusstvo/index.html]
[gorod53.ru/klubnie-formirovaniya/teatralnie-kollektivi/index.html]
[gorod53.ru/klubnie-formirovaniya/razvivayushe-obuchayushaya-deyatelnost/index.html]
[gorod53.ru/klubnie-formirovaniya/narodnie-kollektivi/index.html]
[gorod53.ru/klubnie-formirovaniya/indexe732.html]
[gorod53.ru/narodnie-kollektivi/horeograficheskij-ansambl-ladushki.html]
[gorod53.ru/narodnie-kollektivi/detskij-teatr-baleta.html]
[gorod53.ru/narodnie-kollektivi/vokalnaya-studiya-akvarel.html]
[gorod53.ru/narodnie-kollektivi/shkola-studiya-tantcuyushij-gorod.html]
[gorod53.ru/narodnie-kollektivi/teatr-neslishashego-aktera-zhest.html]
[gorod53.ru/narodnie-kollektivi/teatr-yunogo-zritelya.html]
[gorod53.ru/narodnie-kollektivi/teatr-studiya-eksperiment.html]
[gorod53.ru/narodnie-kollektivi/horeograficheskij-ansambl-molodost.html]
[gorod53.ru/narodnie-kollektivi/studiya-izobrazitelnogo-iskusstva.html]
[gorod53.ru/narodnie-kollektivi/hor-veteranov.html]
[gorod53.ru/narodnie-kollektivi/akademicheskij-muzhskoj-hor.html]
[gorod53.ru/narodnie-kollektivi/studiya-dekorativno-prikladnogo-iskusstva-novgorodskaya-beresta.html]
[gorod53.ru/narodnie-kollektivi/studiya-dekorativno-prikladnogo-tvorchestva-traditcionnaya-kukla.html]
[gorod53.ru/narodnie-kollektivi/studiya-dekorativno-prikladnogo-tvorchestva-lakovaya-miniatyura.html]
[gorod53.ru/narodnie-kollektivi/gruppa-meloman.html]
[gorod53.ru/narodnie-kollektivi/horeograficheskaya-studiya-apelsin.html]
[gorod53.ru/narodnie-kollektivi/indexe732.html]
[gorod53.ru/uslugi/poseshenie-organizovannih-zanyatij-v-kollektivah-platnoj-seti.html]
[gorod53.ru/uslugi/perechen-platnih-uslug.html]
[gorod53.ru/uslugi/indexe732.html]
[gorod53.ru/ustavnie-dokumenti.html]
[gorod53.ru/sout/index.html]
[gorod53.ru/plan-raboti-mauk-dvoretc-kulturi-i-molodezhi-gorod.html]
[gorod53.ru/otchet-o-rabote-mauk-dvoretc-kulturi-i-molodezhi-gorod.html]
[gorod53.ru/otchet-o-vipolnenii-munitcipalnogo-zadaniya.html]
[gorod53.ru/nezavisimaya-otcenka-kachestva-uslovij-okazaniya-uslug]
[gorod53.ru/kontaktye732.html]
[gorod53.ru/anonsy/124.html]
[gorod53.ru/anonsy/366e732.html]
[gorod53.ru/anonsy/index5c98.html]
[gorod53.ru/anonsy/indexd661.html]
[gorod53.ru/anonsy/indexe732.html]
[gorod53.ru/anonsy/381e732.html]
[sun9-18.userapi.com/impg/SA9IHJcOPtLaV7vamBzAGWFtAxI8__3lILlG2A/OaoB4HqNzC08749.jpg]
[gorod53.ru/anonsy/374.html]
[gorod53.ru/anonsy/378e732.html]
[gorod53.ru/images/anonsy/372.jpg]
[gorod53.ru/userfiles/images/ , 7 .jpg]
[gorod53.ru/userfiles/images/ , 10 .jpg]
[gorod53.ru/userfiles/images/ , 7 (1).jpg]
[gorod53.ru/userfiles/images/ , 7 (2).jpg]
[gorod53.ru/userfiles/images/ , 10 (1).jpg]
[gorod53.ru/userfiles/images/ , 11  (2).jpg]
[gorod53.ru/userfiles/images/ , 9 .jpg]
[gorod53.ru/userfiles/images/ , 11 .jpg]
[gorod53.ru/userfiles/images/ , 5 .jpg]
[gorod53.ru/userfiles/images/ , 6 .jpg]
[gorod53.ru/userfiles/images/ , 9 (1).jpg]
[gorod53.ru/userfiles/images/ , 11 (1).jpg]
[gorod53.ru/userfiles/images/ , 5 (1).jpg]
[gorod53.ru/userfiles/images/ , 9  (2).jpg]
[gorod53.ru/userfiles/images/ , 11  (2)(1).jpg]
[gorod53.ru/userfiles/images/ , 5 (2).jpg]
[gorod53.ru/userfiles/images/ , 9 (2).jpg]
[gorod53.ru/userfiles/images/ , 4 .jpg]
[gorod53.ru/userfiles/images/ , 6 (2).jpg]
[gorod53.ru/userfiles/images/ , 6 (3).jpg]
[gorod53.ru/userfiles/images/ , 11 (2).jpg]
[gorod53.ru/userfiles/images/ , 10 (2).jpg]
[gorod53.ru/userfiles/images/ , 9 (3).jpg]
[gorod53.ru/userfiles/images/ , 5 (3).jpg]
[gorod53.ru/userfiles/images/ , 9 (4).jpg]
[gorod53.ru/userfiles/images/ , 10 (3).jpg]
[gorod53.ru/anonsy/372.html]
[gorod53.ru/images/anonsy/373.jpg]
[sun9-29.userapi.com/impg/m3g83Eu0GxkNLQTBmftiqXeR7JT7T1OaXYp6jQ/AltlV-iuwiob361.jpg]
[sun9-57.userapi.com/impg/9GI_Y_0EtsqUDuxejDOnnVe-XJneyHr7s8aCmQ/Ymb077WXnIgd2e3.jpg]
[gorod53.ru/anonsy/373.html]
[gorod53.ru/anonsy/370e732.html]
[gorod53.ru/images/anonsy/368.jpg]
[gorod53.ru/userfiles/images/IMG_20211026_123938.jpg]
[gorod53.ru/userfiles/images/IMG_20211026_122552.jpg]
[gorod53.ru/userfiles/images/IMG_20211026_122632.jpg]
[gorod53.ru/userfiles/images/IMG_20211026_122717.jpg]
[gorod53.ru/userfiles/images/IMG_20211026_122745.jpg]
[gorod53.ru/userfiles/images/IMG_20211026_122944.jpg]
[gorod53.ru/userfiles/images/IMG_20211026_123113.jpg]
[gorod53.ru/userfiles/images/IMG_20211026_123146.jpg]
[gorod53.ru/userfiles/images/IMG_20211026_123257.jpg]
[gorod53.ru/userfiles/images/IMG_20211026_123347.jpg]
[gorod53.ru/userfiles/images/IMG_20211026_123421.jpg]
[gorod53.ru/userfiles/images/IMG_20211026_123559.jpg]
[gorod53.ru/userfiles/images/IMG_20211026_123639.jpg]
[gorod53.ru/userfiles/images/IMG_20211026_123715.jpg]
[gorod53.ru/userfiles/images/IMG_20211026_123819.jpg]
[gorod53.ru/anonsy/368.html]
[gorod53.ru/anonsy/371e732.html]
[gorod53.ru/novosti/109e732.html]
[gorod53.ru/images/fotoalbomy/49/6153_b.jpg]
[gorod53.ru/anonsy/369.html]
[gorod53.ru/images/fotoalbomy/49/6154_b.jpg]
[gorod53.ru/images/fotoalbomy/49/6154_m.jpg]
[gorod53.ru/images/fotoalbomy/49/6155_b.jpg]
[gorod53.ru/images/fotoalbomy/49/6155_m.jpg]
[gorod53.ru/images/fotoalbomy/49/6156_b.jpg]
[gorod53.ru/images/fotoalbomy/49/6156_m.jpg]
[gorod53.ru/images/fotoalbomy/49/6157_b.jpg]
[gorod53.ru/images/fotoalbomy/49/6157_m.jpg]
[gorod53.ru/images/fotoalbomy/49/6158_b.jpg]
[gorod53.ru/images/fotoalbomy/49/6158_m.jpg]
[gorod53.ru/images/fotoalbomy/49/6159_b.jpg]
[gorod53.ru/images/fotoalbomy/49/6159_m.jpg]
[gorod53.ru/images/fotoalbomy/49/6160_b.jpg]
[gorod53.ru/images/fotoalbomy/49/6160_m.jpg]
[gorod53.ru/images/fotoalbomy/49/6161_b.jpg]
[gorod53.ru/images/fotoalbomy/49/6161_m.jpg]
[gorod53.ru/images/fotoalbomy/49/6162_b.jpg]
[gorod53.ru/images/fotoalbomy/49/6162_m.jpg]
[gorod53.ru/images/fotoalbomy/49/6163_b.jpg]
[gorod53.ru/images/fotoalbomy/49/6163_m.jpg]
[gorod53.ru/images/fotoalbomy/49/6164_b.jpg]
[gorod53.ru/images/fotoalbomy/49/6164_m.jpg]
[gorod53.ru/images/fotoalbomy/49/6165_b.jpg]
[gorod53.ru/images/fotoalbomy/49/6165_m.jpg]
[gorod53.ru/images/fotoalbomy/49/6166_b.jpg]
[gorod53.ru/images/fotoalbomy/49/6166_m.jpg]
[gorod53.ru/images/fotoalbomy/49/6167_b.jpg]
[gorod53.ru/images/fotoalbomy/49/6167_m.jpg]
[gorod53.ru/images/fotoalbomy/49/6168_b.jpg]
[gorod53.ru/images/fotoalbomy/49/6168_m.jpg]
[gorod53.ru/images/fotoalbomy/49/6169_b.jpg]
[gorod53.ru/images/fotoalbomy/49/6169_m.jpg]
[gorod53.ru/images/fotoalbomy/49/6170_b.jpg]
[gorod53.ru/images/fotoalbomy/49/6170_m.jpg]
[gorod53.ru/images/fotoalbomy/49/6171_b.jpg]
[gorod53.ru/images/fotoalbomy/49/6171_m.jpg]
[gorod53.ru/images/fotoalbomy/49/6172_b.jpg]
[gorod53.ru/images/fotoalbomy/49/6172_m.jpg]
[gorod53.ru/images/fotoalbomy/49/6173_b.jpg]
[gorod53.ru/images/fotoalbomy/49/6173_m.jpg]
[gorod53.ru/images/fotoalbomy/49/6174_b.jpg]
[gorod53.ru/images/fotoalbomy/49/6174_m.jpg]
[gorod53.ru/images/fotoalbomy/49/6175_b.jpg]
[gorod53.ru/images/fotoalbomy/49/6175_m.jpg]
[gorod53.ru/images/fotoalbomy/49/6176_b.jpg]
[gorod53.ru/images/fotoalbomy/49/6176_m.jpg]
[gorod53.ru/images/fotoalbomy/49/6177_b.jpg]
[gorod53.ru/images/fotoalbomy/49/6177_m.jpg]
[gorod53.ru/images/fotoalbomy/49/6178_b.jpg]
[gorod53.ru/images/fotoalbomy/49/6178_m.jpg]
[gorod53.ru/images/fotoalbomy/49/6179_b.jpg]
[gorod53.ru/images/fotoalbomy/49/6179_m.jpg]
[gorod53.ru/images/fotoalbomy/49/6180_b.jpg]
[gorod53.ru/images/fotoalbomy/49/6180_m.jpg]
[gorod53.ru/images/fotoalbomy/49/6181_b.jpg]
[gorod53.ru/images/fotoalbomy/49/6181_m.jpg]
[gorod53.ru/images/fotoalbomy/49/6182_b.jpg]
[gorod53.ru/images/fotoalbomy/49/6182_m.jpg]
[gorod53.ru/images/fotoalbomy/49/6183_b.jpg]
[gorod53.ru/images/fotoalbomy/49/6183_m.jpg]
[gorod53.ru/images/fotoalbomy/49/6184_b.jpg]
[gorod53.ru/images/fotoalbomy/49/6184_m.jpg]
[gorod53.ru/images/fotoalbomy/49/6185_b.jpg]
[gorod53.ru/images/fotoalbomy/49/6185_m.jpg]
[gorod53.ru/images/fotoalbomy/49/6186_b.jpg]
[gorod53.ru/images/fotoalbomy/49/6186_m.jpg]
[gorod53.ru/images/fotoalbomy/49/6187_b.jpg]
[gorod53.ru/images/fotoalbomy/49/6187_m.jpg]
[gorod53.ru/images/fotoalbomy/49/6188_b.jpg]
[gorod53.ru/images/fotoalbomy/49/6188_m.jpg]
[gorod53.ru/images/fotoalbomy/49/6189_b.jpg]
[gorod53.ru/images/fotoalbomy/49/6189_m.jpg]
[gorod53.ru/images/fotoalbomy/49/6190_b.jpg]
[gorod53.ru/images/fotoalbomy/49/6190_m.jpg]
[gorod53.ru/images/fotoalbomy/49/6191_b.jpg]
[gorod53.ru/images/fotoalbomy/49/6191_m.jpg]
[gorod53.ru/images/fotoalbomy/49/6192_b.jpg]
[gorod53.ru/images/fotoalbomy/49/6192_m.jpg]
[gorod53.ru/images/fotoalbomy/49/6193_b.jpg]
[gorod53.ru/images/fotoalbomy/49/6193_m.jpg]
[gorod53.ru/images/fotoalbomy/49/6194_b.jpg]
[gorod53.ru/images/fotoalbomy/49/6194_m.jpg]
[gorod53.ru/images/fotoalbomy/49/6195_b.jpg]
[gorod53.ru/images/fotoalbomy/49/6195_m.jpg]
[gorod53.ru/images/fotoalbomy/49/6196_b.jpg]
[gorod53.ru/images/fotoalbomy/49/6196_m.jpg]
[gorod53.ru/images/fotoalbomy/49/6197_b.jpg]
[gorod53.ru/images/fotoalbomy/49/6197_m.jpg]
[gorod53.ru/images/fotoalbomy/49/6198_b.jpg]
[gorod53.ru/images/fotoalbomy/49/6198_m.jpg]
[gorod53.ru/images/fotoalbomy/49/6199_b.jpg]
[gorod53.ru/images/fotoalbomy/49/6199_m.jpg]
[gorod53.ru/images/fotoalbomy/49/6200_b.jpg]
[gorod53.ru/images/fotoalbomy/49/6200_m.jpg]
[gorod53.ru/images/fotoalbomy/49/6201_b.jpg]
[gorod53.ru/images/fotoalbomy/49/6201_m.jpg]
[gorod53.ru/images/fotoalbomy/49/6202_b.jpg]
[gorod53.ru/images/fotoalbomy/49/6202_m.jpg]
[gorod53.ru/images/fotoalbomy/49/6203_b.jpg]
[gorod53.ru/images/fotoalbomy/49/6203_m.jpg]
[gorod53.ru/images/fotoalbomy/49/6204_b.jpg]
[gorod53.ru/images/fotoalbomy/49/6204_m.jpg]
[gorod53.ru/images/fotoalbomy/49/6205_b.jpg]
[gorod53.ru/images/fotoalbomy/49/6205_m.jpg]
[gorod53.ru/images/fotoalbomy/49/6206_b.jpg]
[gorod53.ru/images/fotoalbomy/49/6206_m.jpg]
[gorod53.ru/images/fotoalbomy/49/6207_b.jpg]
[gorod53.ru/images/fotoalbomy/49/6207_m.jpg]
[gorod53.ru/images/fotoalbomy/49/6208_b.jpg]
[gorod53.ru/images/fotoalbomy/49/6208_m.jpg]
[gorod53.ru/images/fotoalbomy/49/6209_b.jpg]
[gorod53.ru/images/fotoalbomy/49/6209_m.jpg]
[gorod53.ru/images/fotoalbomy/49/6210_b.jpg]
[gorod53.ru/images/fotoalbomy/49/6210_m.jpg]
[gorod53.ru/images/fotoalbomy/49/6211_b.jpg]
[gorod53.ru/images/fotoalbomy/49/6211_m.jpg]
[gorod53.ru/images/fotoalbomy/49/6212_b.jpg]
[gorod53.ru/images/fotoalbomy/49/6212_m.jpg]
[gorod53.ru/images/fotoalbomy/49/6213_b.jpg]
[gorod53.ru/images/fotoalbomy/49/6213_m.jpg]
[gorod53.ru/images/fotoalbomy/49/6214_b.jpg]
[gorod53.ru/images/fotoalbomy/49/6214_m.jpg]
[gorod53.ru/images/fotoalbomy/49/6215_b.jpg]
[gorod53.ru/images/fotoalbomy/49/6215_m.jpg]
[gorod53.ru/images/fotoalbomy/49/6216_b.jpg]
[gorod53.ru/images/fotoalbomy/49/6216_m.jpg]
[gorod53.ru/images/fotoalbomy/49/6217_b.jpg]
[gorod53.ru/images/fotoalbomy/49/6217_m.jpg]
[gorod53.ru/images/fotoalbomy/49/6218_b.jpg]
[gorod53.ru/images/fotoalbomy/49/6218_m.jpg]
[gorod53.ru/images/fotoalbomy/49/6219_b.jpg]
[gorod53.ru/images/fotoalbomy/49/6219_m.jpg]
[gorod53.ru/images/fotoalbomy/49/6220_b.jpg]
[gorod53.ru/images/fotoalbomy/49/6220_m.jpg]
[gorod53.ru/images/fotoalbomy/49/6221_b.jpg]
[gorod53.ru/images/fotoalbomy/49/6221_m.jpg]
[gorod53.ru/images/fotoalbomy/49/6222_b.jpg]
[gorod53.ru/images/fotoalbomy/49/6222_m.jpg]
[gorod53.ru/images/fotoalbomy/49/6223_b.jpg]
[gorod53.ru/images/fotoalbomy/49/6223_m.jpg]
[gorod53.ru/images/fotoalbomy/49/6224_b.jpg]
[gorod53.ru/images/fotoalbomy/49/6224_m.jpg]
[gorod53.ru/images/fotoalbomy/49/6225_b.jpg]
[gorod53.ru/images/fotoalbomy/49/6225_m.jpg]
[gorod53.ru/images/fotoalbomy/49/6226_b.jpg]
[gorod53.ru/images/fotoalbomy/49/6226_m.jpg]
[gorod53.ru/images/fotoalbomy/49/6227_b.jpg]
[gorod53.ru/images/fotoalbomy/49/6227_m.jpg]
[gorod53.ru/images/fotoalbomy/49/6228_b.jpg]
[gorod53.ru/images/fotoalbomy/49/6228_m.jpg]
[gorod53.ru/images/fotoalbomy/49/6229_b.jpg]
[gorod53.ru/images/fotoalbomy/49/6229_m.jpg]
[gorod53.ru/images/fotoalbomy/49/6230_b.jpg]
[gorod53.ru/images/fotoalbomy/49/6230_m.jpg]
[gorod53.ru/images/fotoalbomy/49/6231_b.jpg]
[gorod53.ru/images/fotoalbomy/49/6231_m.jpg]
[gorod53.ru/images/fotoalbomy/49/6232_b.jpg]
[gorod53.ru/images/fotoalbomy/49/6232_m.jpg]
[gorod53.ru/images/fotoalbomy/49/6233_b.jpg]
[gorod53.ru/images/fotoalbomy/49/6233_m.jpg]
[gorod53.ru/images/fotoalbomy/49/6234_b.jpg]
[gorod53.ru/images/fotoalbomy/49/6234_m.jpg]
[gorod53.ru/images/fotoalbomy/49/6235_b.jpg]
[gorod53.ru/images/fotoalbomy/49/6235_m.jpg]
[gorod53.ru/images/fotoalbomy/49/6236_b.jpg]
[gorod53.ru/images/fotoalbomy/49/6236_m.jpg]
[gorod53.ru/images/fotoalbomy/49/6237_b.jpg]
[gorod53.ru/images/fotoalbomy/49/6237_m.jpg]
[gorod53.ru/images/fotoalbomy/49/6238_b.jpg]
[gorod53.ru/images/fotoalbomy/49/6238_m.jpg]
[gorod53.ru/images/fotoalbomy/49/6239_b.jpg]
[gorod53.ru/images/fotoalbomy/49/6239_m.jpg]
[gorod53.ru/images/fotoalbomy/49/6240_b.jpg]
[gorod53.ru/images/fotoalbomy/49/6240_m.jpg]
[gorod53.ru/images/fotoalbomy/49/6241_b.jpg]
[gorod53.ru/images/fotoalbomy/49/6241_m.jpg]
[gorod53.ru/images/fotoalbomy/49/6242_b.jpg]
[gorod53.ru/images/fotoalbomy/49/6242_m.jpg]
[gorod53.ru/images/fotoalbomy/49/6243_b.jpg]
[gorod53.ru/images/fotoalbomy/49/6243_m.jpg]
[gorod53.ru/images/fotoalbomy/49/6244_b.jpg]
[gorod53.ru/images/fotoalbomy/49/6244_m.jpg]
[gorod53.ru/images/fotoalbomy/49/6245_b.jpg]
[gorod53.ru/images/fotoalbomy/49/6245_m.jpg]
[gorod53.ru/images/fotoalbomy/49/6246_b.jpg]
[gorod53.ru/images/fotoalbomy/49/6246_m.jpg]
[gorod53.ru/images/fotoalbomy/49/6247_b.jpg]
[gorod53.ru/images/fotoalbomy/49/6247_m.jpg]
[gorod53.ru/images/fotoalbomy/49/6248_b.jpg]
[gorod53.ru/images/fotoalbomy/49/6248_m.jpg]
[gorod53.ru/images/fotoalbomy/49/6249_b.jpg]
[gorod53.ru/images/fotoalbomy/49/6249_m.jpg]
[gorod53.ru/images/fotoalbomy/49/6250_b.jpg]
[gorod53.ru/images/fotoalbomy/49/6250_m.jpg]
[gorod53.ru/images/fotoalbomy/49/6251_b.jpg]
[gorod53.ru/images/fotoalbomy/49/6251_m.jpg]
[gorod53.ru/images/fotoalbomy/49/6252_b.jpg]
[gorod53.ru/images/fotoalbomy/49/6252_m.jpg]
[gorod53.ru/images/fotoalbomy/49/6253_b.jpg]
[gorod53.ru/images/fotoalbomy/49/6253_m.jpg]
[gorod53.ru/images/fotoalbomy/49/6254_b.jpg]
[gorod53.ru/images/fotoalbomy/49/6254_m.jpg]
[gorod53.ru/images/fotoalbomy/49/6255_b.jpg]
[gorod53.ru/images/fotoalbomy/49/6255_m.jpg]
[gorod53.ru/images/fotoalbomy/49/6256_b.jpg]
[gorod53.ru/images/fotoalbomy/49/6256_m.jpg]
[gorod53.ru/images/fotoalbomy/49/6257_b.jpg]
[gorod53.ru/images/fotoalbomy/49/6257_m.jpg]
[gorod53.ru/images/fotoalbomy/49/6258_b.jpg]
[gorod53.ru/images/fotoalbomy/49/6258_m.jpg]
[gorod53.ru/images/fotoalbomy/49/6259_b.jpg]
[gorod53.ru/images/fotoalbomy/49/6259_m.jpg]
[gorod53.ru/images/fotoalbomy/49/6260_b.jpg]
[gorod53.ru/images/fotoalbomy/49/6260_m.jpg]
[gorod53.ru/images/fotoalbomy/49/6261_b.jpg]
[gorod53.ru/images/fotoalbomy/49/6261_m.jpg]
[gorod53.ru/images/fotoalbomy/49/6262_b.jpg]
[gorod53.ru/images/fotoalbomy/49/6262_m.jpg]
[gorod53.ru/images/fotoalbomy/49/6263_b.jpg]
[gorod53.ru/images/fotoalbomy/49/6263_m.jpg]
[gorod53.ru/images/fotoalbomy/49/6264_b.jpg]
[gorod53.ru/images/fotoalbomy/49/6264_m.jpg]
[gorod53.ru/images/fotoalbomy/49/6265_b.jpg]
[gorod53.ru/images/fotoalbomy/49/6265_m.jpg]
[gorod53.ru/images/fotoalbomy/49/6266_b.jpg]
[gorod53.ru/images/fotoalbomy/49/6266_m.jpg]
[gorod53.ru/images/fotoalbomy/49/6267_b.jpg]
[gorod53.ru/images/fotoalbomy/49/6267_m.jpg]
[gorod53.ru/images/fotoalbomy/49/6268_b.jpg]
[gorod53.ru/images/fotoalbomy/49/6268_m.jpg]
[gorod53.ru/images/fotoalbomy/49/6269_b.jpg]
[gorod53.ru/images/fotoalbomy/49/6269_m.jpg]
[gorod53.ru/images/fotoalbomy/49/6270_b.jpg]
[gorod53.ru/images/fotoalbomy/49/6270_m.jpg]
[gorod53.ru/images/fotoalbomy/49/6271_b.jpg]
[gorod53.ru/images/fotoalbomy/49/6271_m.jpg]
[gorod53.ru/images/fotoalbomy/49/6272_b.jpg]
[gorod53.ru/images/fotoalbomy/49/6272_m.jpg]
[gorod53.ru/images/fotoalbomy/49/6273_b.jpg]
[gorod53.ru/images/fotoalbomy/49/6273_m.jpg]
[gorod53.ru/images/fotoalbomy/49/6274_b.jpg]
[gorod53.ru/images/fotoalbomy/49/6274_m.jpg]
[gorod53.ru/images/fotoalbomy/49/6275_b.jpg]
[gorod53.ru/images/fotoalbomy/49/6275_m.jpg]
[gorod53.ru/images/fotoalbomy/49/6276_b.jpg]
[gorod53.ru/images/fotoalbomy/49/6276_m.jpg]
[gorod53.ru/images/fotoalbomy/49/6277_b.jpg]
[gorod53.ru/images/fotoalbomy/49/6277_m.jpg]
[gorod53.ru/images/fotoalbomy/49/6278_b.jpg]
[gorod53.ru/images/fotoalbomy/49/6278_m.jpg]
[gorod53.ru/images/fotoalbomy/49/6279_b.jpg]
[gorod53.ru/images/fotoalbomy/49/6279_m.jpg]
[gorod53.ru/images/fotoalbomy/49/6280_b.jpg]
[gorod53.ru/images/fotoalbomy/49/6280_m.jpg]
[gorod53.ru/images/fotoalbomy/49/6281_b.jpg]
[gorod53.ru/images/fotoalbomy/49/6281_m.jpg]
[gorod53.ru/images/fotoalbomy/49/6282_b.jpg]
[gorod53.ru/images/fotoalbomy/49/6282_m.jpg]
[gorod53.ru/images/fotoalbomy/49/6283_b.jpg]
[gorod53.ru/images/fotoalbomy/49/6283_m.jpg]
[gorod53.ru/images/fotoalbomy/49/6284_b.jpg]
[gorod53.ru/images/fotoalbomy/49/6284_m.jpg]
[gorod53.ru/images/fotoalbomy/49/6285_b.jpg]
[gorod53.ru/images/fotoalbomy/49/6285_m.jpg]
[gorod53.ru/images/fotoalbomy/49/6286_b.jpg]
[gorod53.ru/images/fotoalbomy/49/6286_m.jpg]
[gorod53.ru/images/fotoalbomy/49/6287_b.jpg]
[gorod53.ru/images/fotoalbomy/49/6287_m.jpg]
[gorod53.ru/images/fotoalbomy/49/6288_b.jpg]
[gorod53.ru/images/fotoalbomy/49/6288_m.jpg]
[gorod53.ru/images/fotoalbomy/49/6289_b.jpg]
[gorod53.ru/images/fotoalbomy/49/6289_m.jpg]
[gorod53.ru/images/fotoalbomy/49/6290_b.jpg]
[gorod53.ru/images/fotoalbomy/49/6290_m.jpg]
[gorod53.ru/images/fotoalbomy/49/6291_b.jpg]
[gorod53.ru/images/fotoalbomy/49/6291_m.jpg]
[gorod53.ru/images/fotoalbomy/49/6292_b.jpg]
[gorod53.ru/images/fotoalbomy/49/6292_m.jpg]
[gorod53.ru/images/fotoalbomy/49/6293_b.jpg]
[gorod53.ru/images/fotoalbomy/49/6293_m.jpg]
[gorod53.ru/images/fotoalbomy/49/6294_b.jpg]
[gorod53.ru/images/fotoalbomy/49/6294_m.jpg]
[gorod53.ru/images/fotoalbomy/49/6295_b.jpg]
[gorod53.ru/images/fotoalbomy/49/6295_m.jpg]
[gorod53.ru/images/fotoalbomy/49/6296_b.jpg]
[gorod53.ru/images/fotoalbomy/49/6296_m.jpg]
[gorod53.ru/images/fotoalbomy/49/6297_b.jpg]
[gorod53.ru/images/fotoalbomy/49/6297_m.jpg]
[gorod53.ru/images/fotoalbomy/49/6298_b.jpg]
[gorod53.ru/images/fotoalbomy/49/6298_m.jpg]
[gorod53.ru/images/fotoalbomy/49/6299_b.jpg]
[gorod53.ru/images/fotoalbomy/49/6299_m.jpg]
[gorod53.ru/images/fotoalbomy/49/6300_b.jpg]
[gorod53.ru/images/fotoalbomy/49/6300_m.jpg]
[gorod53.ru/images/fotoalbomy/49/6301_b.jpg]
[gorod53.ru/images/fotoalbomy/49/6301_m.jpg]
[gorod53.ru/images/fotoalbomy/49/6302_b.jpg]
[gorod53.ru/images/fotoalbomy/49/6302_m.jpg]
[gorod53.ru/images/fotoalbomy/49/6303_b.jpg]
[gorod53.ru/images/fotoalbomy/49/6303_m.jpg]
[gorod53.ru/images/fotoalbomy/49/6304_b.jpg]
[gorod53.ru/images/fotoalbomy/49/6304_m.jpg]
[gorod53.ru/images/fotoalbomy/49/6305_b.jpg]
[gorod53.ru/images/fotoalbomy/49/6305_m.jpg]
[gorod53.ru/images/fotoalbomy/49/6306_b.jpg]
[gorod53.ru/images/fotoalbomy/49/6306_m.jpg]
[gorod53.ru/images/fotoalbomy/49/6307_b.jpg]
[gorod53.ru/images/fotoalbomy/49/6307_m.jpg]
[gorod53.ru/images/fotoalbomy/49/6308_b.jpg]
[gorod53.ru/images/fotoalbomy/49/6308_m.jpg]
[gorod53.ru/images/fotoalbomy/49/6309_b.jpg]
[gorod53.ru/images/fotoalbomy/49/6309_m.jpg]
[gorod53.ru/images/fotoalbomy/49/6310_b.jpg]
[gorod53.ru/images/fotoalbomy/49/6310_m.jpg]
[gorod53.ru/images/fotoalbomy/49/6311_b.jpg]
[gorod53.ru/images/fotoalbomy/49/6311_m.jpg]
[gorod53.ru/images/fotoalbomy/49/6312_b.jpg]
[gorod53.ru/images/fotoalbomy/49/6312_m.jpg]
[gorod53.ru/images/fotoalbomy/49/6313_b.jpg]
[gorod53.ru/images/fotoalbomy/49/6313_m.jpg]
[gorod53.ru/images/fotoalbomy/49/6314_b.jpg]
[gorod53.ru/images/fotoalbomy/49/6314_m.jpg]
[gorod53.ru/images/fotoalbomy/49/6315_b.jpg]
[gorod53.ru/images/fotoalbomy/49/6315_m.jpg]
[gorod53.ru/images/fotoalbomy/49/6316_b.jpg]
[gorod53.ru/images/fotoalbomy/49/6316_m.jpg]
[gorod53.ru/images/fotoalbomy/49/6317_b.jpg]
[gorod53.ru/images/fotoalbomy/49/6317_m.jpg]
[gorod53.ru/images/fotoalbomy/49/6318_b.jpg]
[gorod53.ru/images/fotoalbomy/49/6318_m.jpg]
[gorod53.ru/images/fotoalbomy/49/6319_b.jpg]
[gorod53.ru/images/fotoalbomy/49/6319_m.jpg]
[gorod53.ru/images/fotoalbomy/49/6320_b.jpg]
[gorod53.ru/images/fotoalbomy/49/6320_m.jpg]
[gorod53.ru/images/fotoalbomy/49/6321_b.jpg]
[gorod53.ru/images/fotoalbomy/49/6321_m.jpg]
[gorod53.ru/images/fotoalbomy/49/6322_b.jpg]
[gorod53.ru/images/fotoalbomy/49/6322_m.jpg]
[gorod53.ru/images/fotoalbomy/49/6323_b.jpg]
[gorod53.ru/images/fotoalbomy/49/6323_m.jpg]
[gorod53.ru/images/fotoalbomy/49/6324_b.jpg]
[gorod53.ru/images/fotoalbomy/49/6324_m.jpg]
[gorod53.ru/images/fotoalbomy/49/6325_b.jpg]
[gorod53.ru/images/fotoalbomy/49/6325_m.jpg]
[gorod53.ru/images/fotoalbomy/49/6326_b.jpg]
[gorod53.ru/images/fotoalbomy/49/6326_m.jpg]
[gorod53.ru/images/fotoalbomy/49/6327_b.jpg]
[gorod53.ru/images/fotoalbomy/49/6327_m.jpg]
[gorod53.ru/images/fotoalbomy/49/6328_b.jpg]
[gorod53.ru/images/fotoalbomy/49/6328_m.jpg]
[gorod53.ru/images/fotoalbomy/49/6329_b.jpg]
[gorod53.ru/images/fotoalbomy/49/6329_m.jpg]
[gorod53.ru/images/fotoalbomy/49/6330_b.jpg]
[gorod53.ru/images/fotoalbomy/49/6330_m.jpg]
[gorod53.ru/images/fotoalbomy/49/6331_b.jpg]
[gorod53.ru/images/fotoalbomy/49/6331_m.jpg]
[gorod53.ru/images/fotoalbomy/49/6332_b.jpg]
[gorod53.ru/images/fotoalbomy/49/6332_m.jpg]
[gorod53.ru/images/fotoalbomy/49/6333_b.jpg]
[gorod53.ru/images/fotoalbomy/49/6333_m.jpg]
[gorod53.ru/images/fotoalbomy/49/6334_b.jpg]
[gorod53.ru/images/fotoalbomy/49/6334_m.jpg]
[gorod53.ru/images/fotoalbomy/49/6335_b.jpg]
[gorod53.ru/images/fotoalbomy/49/6335_m.jpg]
[gorod53.ru/images/fotoalbomy/49/6336_b.jpg]
[gorod53.ru/images/fotoalbomy/49/6336_m.jpg]
[gorod53.ru/images/fotoalbomy/49/6337_b.jpg]
[gorod53.ru/images/fotoalbomy/49/6337_m.jpg]
[gorod53.ru/images/fotoalbomy/49/6338_b.jpg]
[gorod53.ru/images/fotoalbomy/49/6338_m.jpg]
[gorod53.ru/images/fotoalbomy/49/6339_b.jpg]
[gorod53.ru/images/fotoalbomy/49/6339_m.jpg]
[gorod53.ru/images/fotoalbomy/49/6340_b.jpg]
[gorod53.ru/images/fotoalbomy/49/6340_m.jpg]
[gorod53.ru/images/fotoalbomy/49/6341_b.jpg]
[gorod53.ru/images/fotoalbomy/49/6341_m.jpg]
[gorod53.ru/images/fotoalbomy/49/6342_b.jpg]
[gorod53.ru/images/fotoalbomy/49/6342_m.jpg]
[gorod53.ru/images/fotoalbomy/49/6343_b.jpg]
[gorod53.ru/images/fotoalbomy/49/6343_m.jpg]
[gorod53.ru/images/fotoalbomy/49/6344_b.jpg]
[gorod53.ru/images/fotoalbomy/49/6344_m.jpg]
[gorod53.ru/images/fotoalbomy/49/6345_b.jpg]
[gorod53.ru/images/fotoalbomy/49/6345_m.jpg]
[gorod53.ru/images/fotoalbomy/49/6346_b.jpg]
[gorod53.ru/images/fotoalbomy/49/6346_m.jpg]
[gorod53.ru/images/fotoalbomy/49/6347_b.jpg]
[gorod53.ru/images/fotoalbomy/49/6347_m.jpg]
[gorod53.ru/images/fotoalbomy/49/6348_b.jpg]
[gorod53.ru/images/fotoalbomy/49/6348_m.jpg]
[gorod53.ru/images/fotoalbomy/49/6349_b.jpg]
[gorod53.ru/images/fotoalbomy/49/6349_m.jpg]
[gorod53.ru/images/fotoalbomy/49/6350_b.jpg]
[gorod53.ru/images/fotoalbomy/49/6350_m.jpg]
[gorod53.ru/images/fotoalbomy/49/6351_b.jpg]
[gorod53.ru/images/fotoalbomy/49/6351_m.jpg]
[gorod53.ru/images/fotoalbomy/49/6352_b.jpg]
[gorod53.ru/images/fotoalbomy/49/6352_m.jpg]
[gorod53.ru/images/fotoalbomy/49/6353_b.jpg]
[gorod53.ru/images/fotoalbomy/49/6353_m.jpg]
[gorod53.ru/images/fotoalbomy/49/6354_b.jpg]
[gorod53.ru/images/fotoalbomy/49/6354_m.jpg]
[gorod53.ru/images/fotoalbomy/49/6355_b.jpg]
[gorod53.ru/images/fotoalbomy/49/6355_m.jpg]
[gorod53.ru/images/fotoalbomy/49/6356_b.jpg]
[gorod53.ru/images/fotoalbomy/49/6356_m.jpg]
[gorod53.ru/images/fotoalbomy/49/6357_b.jpg]
[gorod53.ru/images/fotoalbomy/49/6357_m.jpg]
[gorod53.ru/images/fotoalbomy/49/6358_b.jpg]
[gorod53.ru/images/fotoalbomy/49/6358_m.jpg]
[gorod53.ru/images/fotoalbomy/49/6359_b.jpg]
[gorod53.ru/images/fotoalbomy/49/6359_m.jpg]
[gorod53.ru/images/fotoalbomy/49/6360_b.jpg]
[gorod53.ru/images/fotoalbomy/49/6360_m.jpg]
[gorod53.ru/images/fotoalbomy/49/6361_b.jpg]
[gorod53.ru/images/fotoalbomy/49/6361_m.jpg]
[gorod53.ru/images/fotoalbomy/49/6362_b.jpg]
[gorod53.ru/images/fotoalbomy/49/6362_m.jpg]
[gorod53.ru/images/fotoalbomy/49/6363_b.jpg]
[gorod53.ru/images/fotoalbomy/49/6363_m.jpg]
[gorod53.ru/images/fotoalbomy/49/6364_b.jpg]
[gorod53.ru/images/fotoalbomy/49/6364_m.jpg]
[gorod53.ru/images/fotoalbomy/49/6365_b.jpg]
[gorod53.ru/images/fotoalbomy/49/6365_m.jpg]
[gorod53.ru/images/fotoalbomy/49/6366_b.jpg]
[gorod53.ru/images/fotoalbomy/49/6366_m.jpg]
[gorod53.ru/images/fotoalbomy/49/6367_b.jpg]
[gorod53.ru/images/fotoalbomy/49/6367_m.jpg]
[gorod53.ru/images/fotoalbomy/49/6368_b.jpg]
[gorod53.ru/images/fotoalbomy/49/6368_m.jpg]
[gorod53.ru/images/fotoalbomy/49/6369_b.jpg]
[gorod53.ru/images/fotoalbomy/49/6369_m.jpg]
[gorod53.ru/images/fotoalbomy/49/6370_b.jpg]
[gorod53.ru/images/fotoalbomy/49/6370_m.jpg]
[gorod53.ru/images/fotoalbomy/49/6371_b.jpg]
[gorod53.ru/images/fotoalbomy/49/6371_m.jpg]
[gorod53.ru/images/fotoalbomy/49/6372_b.jpg]
[gorod53.ru/images/fotoalbomy/49/6372_m.jpg]
[gorod53.ru/images/fotoalbomy/49/6373_b.jpg]
[gorod53.ru/images/fotoalbomy/49/6373_m.jpg]
[gorod53.ru/images/fotoalbomy/49/6374_b.jpg]
[gorod53.ru/images/fotoalbomy/49/6374_m.jpg]
[gorod53.ru/images/fotoalbomy/49/6375_b.jpg]
[gorod53.ru/images/fotoalbomy/49/6375_m.jpg]
[gorod53.ru/images/fotoalbomy/49/6376_b.jpg]
[gorod53.ru/images/fotoalbomy/49/6376_m.jpg]
[gorod53.ru/images/fotoalbomy/49/6377_b.jpg]
[gorod53.ru/images/fotoalbomy/49/6377_m.jpg]
[gorod53.ru/images/fotoalbomy/49/6378_b.jpg]
[gorod53.ru/images/fotoalbomy/49/6378_m.jpg]
[gorod53.ru/images/fotoalbomy/49/6379_b.jpg]
[gorod53.ru/images/fotoalbomy/49/6379_m.jpg]
[gorod53.ru/images/fotoalbomy/49/6380_b.jpg]
[gorod53.ru/images/fotoalbomy/49/6380_m.jpg]
[gorod53.ru/images/fotoalbomy/49/6381_b.jpg]
[gorod53.ru/images/fotoalbomy/49/6381_m.jpg]
[gorod53.ru/images/fotoalbomy/49/6382_b.jpg]
[gorod53.ru/images/fotoalbomy/49/6382_m.jpg]
[gorod53.ru/images/fotoalbomy/49/6383_b.jpg]
[gorod53.ru/images/fotoalbomy/49/6383_m.jpg]
[gorod53.ru/images/fotoalbomy/49/6384_b.jpg]
[gorod53.ru/images/fotoalbomy/49/6384_m.jpg]
[gorod53.ru/images/fotoalbomy/49/6385_b.jpg]
[gorod53.ru/images/fotoalbomy/49/6385_m.jpg]
[gorod53.ru/images/fotoalbomy/49/6386_b.jpg]
[gorod53.ru/images/fotoalbomy/49/6386_m.jpg]
[gorod53.ru/images/fotoalbomy/49/6387_b.jpg]
[gorod53.ru/images/fotoalbomy/49/6387_m.jpg]
[gorod53.ru/images/fotoalbomy/49/6388_b.jpg]
[gorod53.ru/images/fotoalbomy/49/6388_m.jpg]
[gorod53.ru/images/fotoalbomy/49/6389_b.jpg]
[gorod53.ru/images/fotoalbomy/49/6389_m.jpg]
[gorod53.ru/images/fotoalbomy/49/6390_b.jpg]
[gorod53.ru/images/fotoalbomy/49/6390_m.jpg]
[gorod53.ru/images/fotoalbomy/49/6391_b.jpg]
[gorod53.ru/images/fotoalbomy/49/6391_m.jpg]
[gorod53.ru/images/fotoalbomy/49/6392_b.jpg]
[gorod53.ru/images/fotoalbomy/49/6392_m.jpg]
[gorod53.ru/images/fotoalbomy/49/6393_b.jpg]
[gorod53.ru/images/fotoalbomy/49/6393_m.jpg]
[gorod53.ru/images/fotoalbomy/49/6394_b.jpg]
[gorod53.ru/images/fotoalbomy/49/6394_m.jpg]
[gorod53.ru/images/fotoalbomy/49/6395_b.jpg]
[gorod53.ru/images/fotoalbomy/49/6395_m.jpg]
[gorod53.ru/images/fotoalbomy/49/6396_b.jpg]
[gorod53.ru/images/fotoalbomy/49/6396_m.jpg]
[gorod53.ru/images/fotoalbomy/49/6397_b.jpg]
[gorod53.ru/images/fotoalbomy/49/6397_m.jpg]
[gorod53.ru/images/fotoalbomy/49/6398_b.jpg]
[gorod53.ru/images/fotoalbomy/49/6398_m.jpg]
[gorod53.ru/fotogalereya/49.html]
[gorod53.ru/images/fotoalbomy/42/5802_b.jpg]
[gorod53.ru/images/fotoalbomy/42/5803_b.jpg]
[gorod53.ru/images/fotoalbomy/42/5803_m.jpg]
[gorod53.ru/images/fotoalbomy/42/5804_b.jpg]
[gorod53.ru/images/fotoalbomy/42/5804_m.jpg]
[gorod53.ru/images/fotoalbomy/42/5805_b.jpg]
[gorod53.ru/images/fotoalbomy/42/5805_m.jpg]
[gorod53.ru/images/fotoalbomy/42/5806_b.jpg]
[gorod53.ru/images/fotoalbomy/42/5806_m.jpg]
[gorod53.ru/images/fotoalbomy/42/5807_b.jpg]
[gorod53.ru/images/fotoalbomy/42/5807_m.jpg]
[gorod53.ru/images/fotoalbomy/42/5808_b.jpg]
[gorod53.ru/images/fotoalbomy/42/5808_m.jpg]
[gorod53.ru/images/fotoalbomy/42/5809_b.jpg]
[gorod53.ru/images/fotoalbomy/42/5809_m.jpg]
[gorod53.ru/images/fotoalbomy/42/5810_b.jpg]
[gorod53.ru/images/fotoalbomy/42/5810_m.jpg]
[gorod53.ru/images/fotoalbomy/42/5811_b.jpg]
[gorod53.ru/images/fotoalbomy/42/5811_m.jpg]
[gorod53.ru/images/fotoalbomy/42/5812_b.jpg]
[gorod53.ru/images/fotoalbomy/42/5812_m.jpg]
[gorod53.ru/images/fotoalbomy/42/5813_b.jpg]
[gorod53.ru/images/fotoalbomy/42/5813_m.jpg]
[gorod53.ru/images/fotoalbomy/42/5814_b.jpg]
[gorod53.ru/images/fotoalbomy/42/5814_m.jpg]
[gorod53.ru/images/fotoalbomy/42/5815_b.jpg]
[gorod53.ru/images/fotoalbomy/42/5815_m.jpg]
[gorod53.ru/images/fotoalbomy/42/5816_b.jpg]
[gorod53.ru/images/fotoalbomy/42/5816_m.jpg]
[gorod53.ru/images/fotoalbomy/42/5817_b.jpg]
[gorod53.ru/images/fotoalbomy/42/5817_m.jpg]
[gorod53.ru/images/fotoalbomy/42/5818_b.jpg]
[gorod53.ru/images/fotoalbomy/42/5818_m.jpg]
[gorod53.ru/images/fotoalbomy/42/5819_b.jpg]
[gorod53.ru/images/fotoalbomy/42/5819_m.jpg]
[gorod53.ru/images/fotoalbomy/42/5820_b.jpg]
[gorod53.ru/images/fotoalbomy/42/5820_m.jpg]
[gorod53.ru/images/fotoalbomy/42/5821_b.jpg]
[gorod53.ru/images/fotoalbomy/42/5821_m.jpg]
[gorod53.ru/images/fotoalbomy/42/5822_b.jpg]
[gorod53.ru/images/fotoalbomy/42/5822_m.jpg]
[gorod53.ru/images/fotoalbomy/42/5823_b.jpg]
[gorod53.ru/images/fotoalbomy/42/5823_m.jpg]
[gorod53.ru/images/fotoalbomy/42/5824_b.jpg]
[gorod53.ru/images/fotoalbomy/42/5824_m.jpg]
[gorod53.ru/images/fotoalbomy/42/5825_b.jpg]
[gorod53.ru/images/fotoalbomy/42/5825_m.jpg]
[gorod53.ru/images/fotoalbomy/42/5826_b.jpg]
[gorod53.ru/images/fotoalbomy/42/5826_m.jpg]
[gorod53.ru/images/fotoalbomy/42/5827_b.jpg]
[gorod53.ru/images/fotoalbomy/42/5827_m.jpg]
[gorod53.ru/images/fotoalbomy/42/5828_b.jpg]
[gorod53.ru/images/fotoalbomy/42/5828_m.jpg]
[gorod53.ru/images/fotoalbomy/42/5829_b.jpg]
[gorod53.ru/images/fotoalbomy/42/5829_m.jpg]
[gorod53.ru/images/fotoalbomy/42/5830_b.jpg]
[gorod53.ru/images/fotoalbomy/42/5830_m.jpg]
[gorod53.ru/images/fotoalbomy/42/5831_b.jpg]
[gorod53.ru/images/fotoalbomy/42/5831_m.jpg]
[gorod53.ru/images/fotoalbomy/42/5832_b.jpg]
[gorod53.ru/images/fotoalbomy/42/5832_m.jpg]
[gorod53.ru/images/fotoalbomy/42/5833_b.jpg]
[gorod53.ru/images/fotoalbomy/42/5833_m.jpg]
[gorod53.ru/images/fotoalbomy/42/5834_b.jpg]
[gorod53.ru/images/fotoalbomy/42/5834_m.jpg]
[gorod53.ru/images/fotoalbomy/42/5835_b.jpg]
[gorod53.ru/images/fotoalbomy/42/5835_m.jpg]
[gorod53.ru/images/fotoalbomy/42/5836_b.jpg]
[gorod53.ru/images/fotoalbomy/42/5836_m.jpg]
[gorod53.ru/images/fotoalbomy/42/5837_b.jpg]
[gorod53.ru/images/fotoalbomy/42/5837_m.jpg]
[gorod53.ru/images/fotoalbomy/42/5838_b.jpg]
[gorod53.ru/images/fotoalbomy/42/5838_m.jpg]
[gorod53.ru/images/fotoalbomy/42/5839_b.jpg]
[gorod53.ru/images/fotoalbomy/42/5839_m.jpg]
[gorod53.ru/images/fotoalbomy/42/5840_b.jpg]
[gorod53.ru/images/fotoalbomy/42/5840_m.jpg]
[gorod53.ru/images/fotoalbomy/42/5841_b.jpg]
[gorod53.ru/images/fotoalbomy/42/5841_m.jpg]
[gorod53.ru/images/fotoalbomy/42/5842_b.jpg]
[gorod53.ru/images/fotoalbomy/42/5842_m.jpg]
[gorod53.ru/images/fotoalbomy/42/5843_b.jpg]
[gorod53.ru/images/fotoalbomy/42/5843_m.jpg]
[gorod53.ru/images/fotoalbomy/42/5844_b.jpg]
[gorod53.ru/images/fotoalbomy/42/5844_m.jpg]
[gorod53.ru/images/fotoalbomy/42/5845_b.jpg]
[gorod53.ru/images/fotoalbomy/42/5845_m.jpg]
[gorod53.ru/images/fotoalbomy/42/5846_b.jpg]
[gorod53.ru/images/fotoalbomy/42/5846_m.jpg]
[gorod53.ru/images/fotoalbomy/42/5847_b.jpg]
[gorod53.ru/images/fotoalbomy/42/5847_m.jpg]
[gorod53.ru/images/fotoalbomy/42/5848_b.jpg]
[gorod53.ru/images/fotoalbomy/42/5848_m.jpg]
[gorod53.ru/images/fotoalbomy/42/5849_b.jpg]
[gorod53.ru/images/fotoalbomy/42/5849_m.jpg]
[gorod53.ru/images/fotoalbomy/42/5850_b.jpg]
[gorod53.ru/images/fotoalbomy/42/5850_m.jpg]
[gorod53.ru/images/fotoalbomy/42/5851_b.jpg]
[gorod53.ru/images/fotoalbomy/42/5851_m.jpg]
[gorod53.ru/images/fotoalbomy/42/5852_b.jpg]
[gorod53.ru/images/fotoalbomy/42/5852_m.jpg]
[gorod53.ru/images/fotoalbomy/42/5853_b.jpg]
[gorod53.ru/images/fotoalbomy/42/5853_m.jpg]
[gorod53.ru/images/fotoalbomy/42/5854_b.jpg]
[gorod53.ru/images/fotoalbomy/42/5854_m.jpg]
[gorod53.ru/images/fotoalbomy/42/5855_b.jpg]
[gorod53.ru/images/fotoalbomy/42/5855_m.jpg]
[gorod53.ru/images/fotoalbomy/42/5856_b.jpg]
[gorod53.ru/images/fotoalbomy/42/5856_m.jpg]
[gorod53.ru/images/fotoalbomy/42/5857_b.jpg]
[gorod53.ru/images/fotoalbomy/42/5857_m.jpg]
[gorod53.ru/images/fotoalbomy/42/5858_b.jpg]
[gorod53.ru/images/fotoalbomy/42/5858_m.jpg]
[gorod53.ru/images/fotoalbomy/42/5859_b.jpg]
[gorod53.ru/images/fotoalbomy/42/5859_m.jpg]
[gorod53.ru/images/fotoalbomy/42/5860_b.jpg]
[gorod53.ru/images/fotoalbomy/42/5860_m.jpg]
[gorod53.ru/images/fotoalbomy/42/5861_b.jpg]
[gorod53.ru/images/fotoalbomy/42/5861_m.jpg]
[gorod53.ru/images/fotoalbomy/42/5862_b.jpg]
[gorod53.ru/images/fotoalbomy/42/5862_m.jpg]
[gorod53.ru/images/fotoalbomy/42/5863_b.jpg]
[gorod53.ru/images/fotoalbomy/42/5863_m.jpg]
[gorod53.ru/images/fotoalbomy/42/5864_b.jpg]
[gorod53.ru/images/fotoalbomy/42/5864_m.jpg]
[gorod53.ru/images/fotoalbomy/42/5865_b.jpg]
[gorod53.ru/images/fotoalbomy/42/5865_m.jpg]
[gorod53.ru/images/fotoalbomy/42/5866_b.jpg]
[gorod53.ru/images/fotoalbomy/42/5866_m.jpg]
[gorod53.ru/images/fotoalbomy/42/5867_b.jpg]
[gorod53.ru/images/fotoalbomy/42/5867_m.jpg]
[gorod53.ru/images/fotoalbomy/42/5868_b.jpg]
[gorod53.ru/images/fotoalbomy/42/5868_m.jpg]
[gorod53.ru/images/fotoalbomy/42/5869_b.jpg]
[gorod53.ru/images/fotoalbomy/42/5869_m.jpg]
[gorod53.ru/images/fotoalbomy/42/5870_b.jpg]
[gorod53.ru/images/fotoalbomy/42/5870_m.jpg]
[gorod53.ru/images/fotoalbomy/42/5871_b.jpg]
[gorod53.ru/images/fotoalbomy/42/5871_m.jpg]
[gorod53.ru/images/fotoalbomy/42/5872_b.jpg]
[gorod53.ru/images/fotoalbomy/42/5872_m.jpg]
[gorod53.ru/images/fotoalbomy/42/5873_b.jpg]
[gorod53.ru/images/fotoalbomy/42/5873_m.jpg]
[gorod53.ru/images/fotoalbomy/42/5874_b.jpg]
[gorod53.ru/images/fotoalbomy/42/5874_m.jpg]
[gorod53.ru/images/fotoalbomy/42/5875_b.jpg]
[gorod53.ru/images/fotoalbomy/42/5875_m.jpg]
[gorod53.ru/images/fotoalbomy/42/5876_b.jpg]
[gorod53.ru/images/fotoalbomy/42/5876_m.jpg]
[gorod53.ru/images/fotoalbomy/42/5877_b.jpg]
[gorod53.ru/images/fotoalbomy/42/5877_m.jpg]
[gorod53.ru/images/fotoalbomy/42/5878_b.jpg]
[gorod53.ru/images/fotoalbomy/42/5878_m.jpg]
[gorod53.ru/images/fotoalbomy/42/5879_b.jpg]
[gorod53.ru/images/fotoalbomy/42/5879_m.jpg]
[gorod53.ru/images/fotoalbomy/42/5880_b.jpg]
[gorod53.ru/images/fotoalbomy/42/5880_m.jpg]
[gorod53.ru/images/fotoalbomy/42/5881_b.jpg]
[gorod53.ru/images/fotoalbomy/42/5881_m.jpg]
[gorod53.ru/images/fotoalbomy/42/5882_b.jpg]
[gorod53.ru/images/fotoalbomy/42/5882_m.jpg]
[gorod53.ru/images/fotoalbomy/42/5883_b.jpg]
[gorod53.ru/images/fotoalbomy/42/5883_m.jpg]
[gorod53.ru/images/fotoalbomy/42/5884_b.jpg]
[gorod53.ru/images/fotoalbomy/42/5884_m.jpg]
[gorod53.ru/images/fotoalbomy/42/5885_b.jpg]
[gorod53.ru/images/fotoalbomy/42/5885_m.jpg]
[gorod53.ru/images/fotoalbomy/42/5886_b.jpg]
[gorod53.ru/images/fotoalbomy/42/5886_m.jpg]
[gorod53.ru/images/fotoalbomy/42/5887_b.jpg]
[gorod53.ru/images/fotoalbomy/42/5887_m.jpg]
[gorod53.ru/images/fotoalbomy/42/5888_b.jpg]
[gorod53.ru/images/fotoalbomy/42/5888_m.jpg]
[gorod53.ru/images/fotoalbomy/42/5889_b.jpg]
[gorod53.ru/images/fotoalbomy/42/5889_m.jpg]
[gorod53.ru/images/fotoalbomy/42/5890_b.jpg]
[gorod53.ru/images/fotoalbomy/42/5890_m.jpg]
[gorod53.ru/images/fotoalbomy/42/5891_b.jpg]
[gorod53.ru/images/fotoalbomy/42/5891_m.jpg]
[gorod53.ru/images/fotoalbomy/42/5892_b.jpg]
[gorod53.ru/images/fotoalbomy/42/5892_m.jpg]
[gorod53.ru/images/fotoalbomy/42/5893_b.jpg]
[gorod53.ru/images/fotoalbomy/42/5893_m.jpg]
[gorod53.ru/images/fotoalbomy/42/5894_b.jpg]
[gorod53.ru/images/fotoalbomy/42/5894_m.jpg]
[gorod53.ru/images/fotoalbomy/42/5895_b.jpg]
[gorod53.ru/images/fotoalbomy/42/5895_m.jpg]
[gorod53.ru/images/fotoalbomy/42/5896_b.jpg]
[gorod53.ru/images/fotoalbomy/42/5896_m.jpg]
[gorod53.ru/images/fotoalbomy/42/5897_b.jpg]
[gorod53.ru/images/fotoalbomy/42/5897_m.jpg]
[gorod53.ru/fotogalereya/42.html]
[gorod53.ru/images/fotoalbomy/25/3244_b.jpg]
[gorod53.ru/images/fotoalbomy/25/3245_b.jpg]
[gorod53.ru/images/fotoalbomy/25/3245_m.jpg]
[gorod53.ru/images/fotoalbomy/25/3246_b.jpg]
[gorod53.ru/images/fotoalbomy/25/3246_m.jpg]
[gorod53.ru/images/fotoalbomy/25/3247_b.jpg]
[gorod53.ru/images/fotoalbomy/25/3247_m.jpg]
[gorod53.ru/images/fotoalbomy/25/3248_b.jpg]
[gorod53.ru/images/fotoalbomy/25/3248_m.jpg]
[gorod53.ru/images/fotoalbomy/25/3249_b.jpg]
[gorod53.ru/images/fotoalbomy/25/3249_m.jpg]
[gorod53.ru/images/fotoalbomy/25/3250_b.jpg]
[gorod53.ru/images/fotoalbomy/25/3250_m.jpg]
[gorod53.ru/images/fotoalbomy/25/3251_b.jpg]
[gorod53.ru/images/fotoalbomy/25/3251_m.jpg]
[gorod53.ru/images/fotoalbomy/25/3252_b.jpg]
[gorod53.ru/images/fotoalbomy/25/3252_m.jpg]
[gorod53.ru/images/fotoalbomy/25/3253_b.jpg]
[gorod53.ru/images/fotoalbomy/25/3253_m.jpg]
[gorod53.ru/images/fotoalbomy/25/3254_b.jpg]
[gorod53.ru/images/fotoalbomy/25/3254_m.jpg]
[gorod53.ru/images/fotoalbomy/25/3255_b.jpg]
[gorod53.ru/images/fotoalbomy/25/3255_m.jpg]
[gorod53.ru/images/fotoalbomy/25/3256_b.jpg]
[gorod53.ru/images/fotoalbomy/25/3256_m.jpg]
[gorod53.ru/images/fotoalbomy/25/3257_b.jpg]
[gorod53.ru/images/fotoalbomy/25/3257_m.jpg]
[gorod53.ru/images/fotoalbomy/25/3258_b.jpg]
[gorod53.ru/images/fotoalbomy/25/3258_m.jpg]
[gorod53.ru/images/fotoalbomy/25/3259_b.jpg]
[gorod53.ru/images/fotoalbomy/25/3259_m.jpg]
[gorod53.ru/images/fotoalbomy/25/3260_b.jpg]
[gorod53.ru/images/fotoalbomy/25/3260_m.jpg]
[gorod53.ru/images/fotoalbomy/25/3261_b.jpg]
[gorod53.ru/images/fotoalbomy/25/3261_m.jpg]
[gorod53.ru/images/fotoalbomy/25/3262_b.jpg]
[gorod53.ru/images/fotoalbomy/25/3262_m.jpg]
[gorod53.ru/images/fotoalbomy/25/3263_b.jpg]
[gorod53.ru/images/fotoalbomy/25/3263_m.jpg]
[gorod53.ru/images/fotoalbomy/25/3264_b.jpg]
[gorod53.ru/images/fotoalbomy/25/3264_m.jpg]
[gorod53.ru/images/fotoalbomy/25/3265_b.jpg]
[gorod53.ru/images/fotoalbomy/25/3265_m.jpg]
[gorod53.ru/images/fotoalbomy/25/3266_b.jpg]
[gorod53.ru/images/fotoalbomy/25/3266_m.jpg]
[gorod53.ru/images/fotoalbomy/25/3267_b.jpg]
[gorod53.ru/images/fotoalbomy/25/3267_m.jpg]
[gorod53.ru/images/fotoalbomy/25/3268_b.jpg]
[gorod53.ru/images/fotoalbomy/25/3268_m.jpg]
[gorod53.ru/images/fotoalbomy/25/3269_b.jpg]
[gorod53.ru/images/fotoalbomy/25/3269_m.jpg]
[gorod53.ru/images/fotoalbomy/25/3270_b.jpg]
[gorod53.ru/images/fotoalbomy/25/3270_m.jpg]
[gorod53.ru/images/fotoalbomy/25/3271_b.jpg]
[gorod53.ru/images/fotoalbomy/25/3271_m.jpg]
[gorod53.ru/images/fotoalbomy/25/3272_b.jpg]
[gorod53.ru/images/fotoalbomy/25/3272_m.jpg]
[gorod53.ru/images/fotoalbomy/25/3273_b.jpg]
[gorod53.ru/images/fotoalbomy/25/3273_m.jpg]
[gorod53.ru/images/fotoalbomy/25/3274_b.jpg]
[gorod53.ru/images/fotoalbomy/25/3274_m.jpg]
[gorod53.ru/images/fotoalbomy/25/3275_b.jpg]
[gorod53.ru/images/fotoalbomy/25/3275_m.jpg]
[gorod53.ru/images/fotoalbomy/25/3276_b.jpg]
[gorod53.ru/images/fotoalbomy/25/3276_m.jpg]
[gorod53.ru/images/fotoalbomy/25/3277_b.jpg]
[gorod53.ru/images/fotoalbomy/25/3277_m.jpg]
[gorod53.ru/images/fotoalbomy/25/3278_b.jpg]
[gorod53.ru/images/fotoalbomy/25/3278_m.jpg]
[gorod53.ru/images/fotoalbomy/25/3279_b.jpg]
[gorod53.ru/images/fotoalbomy/25/3279_m.jpg]
[gorod53.ru/images/fotoalbomy/25/3280_b.jpg]
[gorod53.ru/images/fotoalbomy/25/3280_m.jpg]
[gorod53.ru/images/fotoalbomy/25/3281_b.jpg]
[gorod53.ru/images/fotoalbomy/25/3281_m.jpg]
[gorod53.ru/images/fotoalbomy/25/3282_b.jpg]
[gorod53.ru/images/fotoalbomy/25/3282_m.jpg]
[gorod53.ru/images/fotoalbomy/25/3283_b.jpg]
[gorod53.ru/images/fotoalbomy/25/3283_m.jpg]
[gorod53.ru/images/fotoalbomy/25/3284_b.jpg]
[gorod53.ru/images/fotoalbomy/25/3284_m.jpg]
[gorod53.ru/images/fotoalbomy/25/3285_b.jpg]
[gorod53.ru/images/fotoalbomy/25/3285_m.jpg]
[gorod53.ru/images/fotoalbomy/25/3286_b.jpg]
[gorod53.ru/images/fotoalbomy/25/3286_m.jpg]
[gorod53.ru/images/fotoalbomy/25/3287_b.jpg]
[gorod53.ru/images/fotoalbomy/25/3287_m.jpg]
[gorod53.ru/images/fotoalbomy/25/3288_b.jpg]
[gorod53.ru/images/fotoalbomy/25/3288_m.jpg]
[gorod53.ru/images/fotoalbomy/25/3289_b.jpg]
[gorod53.ru/images/fotoalbomy/25/3289_m.jpg]
[gorod53.ru/images/fotoalbomy/25/3290_b.jpg]
[gorod53.ru/images/fotoalbomy/25/3290_m.jpg]
[gorod53.ru/images/fotoalbomy/25/3291_b.jpg]
[gorod53.ru/images/fotoalbomy/25/3291_m.jpg]
[gorod53.ru/images/fotoalbomy/25/3292_b.jpg]
[gorod53.ru/images/fotoalbomy/25/3292_m.jpg]
[gorod53.ru/images/fotoalbomy/25/3293_b.jpg]
[gorod53.ru/images/fotoalbomy/25/3293_m.jpg]
[gorod53.ru/images/fotoalbomy/25/3294_b.jpg]
[gorod53.ru/images/fotoalbomy/25/3294_m.jpg]
[gorod53.ru/images/fotoalbomy/25/3295_b.jpg]
[gorod53.ru/images/fotoalbomy/25/3295_m.jpg]
[gorod53.ru/images/fotoalbomy/25/3296_b.jpg]
[gorod53.ru/images/fotoalbomy/25/3296_m.jpg]
[gorod53.ru/images/fotoalbomy/25/3297_b.jpg]
[gorod53.ru/images/fotoalbomy/25/3297_m.jpg]
[gorod53.ru/images/fotoalbomy/25/3298_b.jpg]
[gorod53.ru/images/fotoalbomy/25/3298_m.jpg]
[gorod53.ru/images/fotoalbomy/25/3299_b.jpg]
[gorod53.ru/images/fotoalbomy/25/3299_m.jpg]
[gorod53.ru/images/fotoalbomy/25/3300_b.jpg]
[gorod53.ru/images/fotoalbomy/25/3300_m.jpg]
[gorod53.ru/images/fotoalbomy/25/3301_b.jpg]
[gorod53.ru/images/fotoalbomy/25/3301_m.jpg]
[gorod53.ru/images/fotoalbomy/25/3302_b.jpg]
[gorod53.ru/images/fotoalbomy/25/3302_m.jpg]
[gorod53.ru/images/fotoalbomy/25/3303_b.jpg]
[gorod53.ru/images/fotoalbomy/25/3303_m.jpg]
[gorod53.ru/images/fotoalbomy/25/3304_b.jpg]
[gorod53.ru/images/fotoalbomy/25/3304_m.jpg]
[gorod53.ru/images/fotoalbomy/25/3305_b.jpg]
[gorod53.ru/images/fotoalbomy/25/3305_m.jpg]
[gorod53.ru/images/fotoalbomy/25/3306_b.jpg]
[gorod53.ru/images/fotoalbomy/25/3306_m.jpg]
[gorod53.ru/images/fotoalbomy/25/3307_b.jpg]
[gorod53.ru/images/fotoalbomy/25/3307_m.jpg]
[gorod53.ru/images/fotoalbomy/25/3308_b.jpg]
[gorod53.ru/images/fotoalbomy/25/3308_m.jpg]
[gorod53.ru/images/fotoalbomy/25/3309_b.jpg]
[gorod53.ru/images/fotoalbomy/25/3309_m.jpg]
[gorod53.ru/images/fotoalbomy/25/3310_b.jpg]
[gorod53.ru/images/fotoalbomy/25/3310_m.jpg]
[gorod53.ru/images/fotoalbomy/25/3311_b.jpg]
[gorod53.ru/images/fotoalbomy/25/3311_m.jpg]
[gorod53.ru/images/fotoalbomy/25/3312_b.jpg]
[gorod53.ru/images/fotoalbomy/25/3312_m.jpg]
[gorod53.ru/images/fotoalbomy/25/3313_b.jpg]
[gorod53.ru/images/fotoalbomy/25/3313_m.jpg]
[gorod53.ru/images/fotoalbomy/25/3314_b.jpg]
[gorod53.ru/images/fotoalbomy/25/3314_m.jpg]
[gorod53.ru/images/fotoalbomy/25/3315_b.jpg]
[gorod53.ru/images/fotoalbomy/25/3315_m.jpg]
[gorod53.ru/images/fotoalbomy/25/3316_b.jpg]
[gorod53.ru/images/fotoalbomy/25/3316_m.jpg]
[gorod53.ru/images/fotoalbomy/25/3317_b.jpg]
[gorod53.ru/images/fotoalbomy/25/3317_m.jpg]
[gorod53.ru/images/fotoalbomy/25/3318_b.jpg]
[gorod53.ru/images/fotoalbomy/25/3318_m.jpg]
[gorod53.ru/images/fotoalbomy/25/3319_b.jpg]
[gorod53.ru/images/fotoalbomy/25/3319_m.jpg]
[gorod53.ru/images/fotoalbomy/25/3320_b.jpg]
[gorod53.ru/images/fotoalbomy/25/3320_m.jpg]
[gorod53.ru/images/fotoalbomy/25/3321_b.jpg]
[gorod53.ru/images/fotoalbomy/25/3321_m.jpg]
[gorod53.ru/images/fotoalbomy/25/3322_b.jpg]
[gorod53.ru/images/fotoalbomy/25/3322_m.jpg]
[gorod53.ru/images/fotoalbomy/25/3323_b.jpg]
[gorod53.ru/images/fotoalbomy/25/3323_m.jpg]
[gorod53.ru/images/fotoalbomy/25/3324_b.jpg]
[gorod53.ru/images/fotoalbomy/25/3324_m.jpg]
[gorod53.ru/images/fotoalbomy/25/3325_b.jpg]
[gorod53.ru/images/fotoalbomy/25/3325_m.jpg]
[gorod53.ru/images/fotoalbomy/25/3326_b.jpg]
[gorod53.ru/images/fotoalbomy/25/3326_m.jpg]
[gorod53.ru/images/fotoalbomy/25/3327_b.jpg]
[gorod53.ru/images/fotoalbomy/25/3327_m.jpg]
[gorod53.ru/images/fotoalbomy/25/3328_b.jpg]
[gorod53.ru/images/fotoalbomy/25/3328_m.jpg]
[gorod53.ru/images/fotoalbomy/25/3329_b.jpg]
[gorod53.ru/images/fotoalbomy/25/3329_m.jpg]
[gorod53.ru/images/fotoalbomy/25/3330_b.jpg]
[gorod53.ru/images/fotoalbomy/25/3330_m.jpg]
[gorod53.ru/images/fotoalbomy/25/3331_b.jpg]
[gorod53.ru/images/fotoalbomy/25/3331_m.jpg]
[gorod53.ru/images/fotoalbomy/25/3332_b.jpg]
[gorod53.ru/images/fotoalbomy/25/3332_m.jpg]
[gorod53.ru/images/fotoalbomy/25/3333_b.jpg]
[gorod53.ru/images/fotoalbomy/25/3333_m.jpg]
[gorod53.ru/images/fotoalbomy/25/3334_b.jpg]
[gorod53.ru/images/fotoalbomy/25/3334_m.jpg]
[gorod53.ru/images/fotoalbomy/25/3335_b.jpg]
[gorod53.ru/images/fotoalbomy/25/3335_m.jpg]
[gorod53.ru/images/fotoalbomy/25/3336_b.jpg]
[gorod53.ru/images/fotoalbomy/25/3336_m.jpg]
[gorod53.ru/images/fotoalbomy/25/3337_b.jpg]
[gorod53.ru/images/fotoalbomy/25/3337_m.jpg]
[gorod53.ru/images/fotoalbomy/25/3338_b.jpg]
[gorod53.ru/images/fotoalbomy/25/3338_m.jpg]
[gorod53.ru/images/fotoalbomy/25/3339_b.jpg]
[gorod53.ru/images/fotoalbomy/25/3339_m.jpg]
[gorod53.ru/images/fotoalbomy/25/3340_b.jpg]
[gorod53.ru/images/fotoalbomy/25/3340_m.jpg]
[gorod53.ru/images/fotoalbomy/25/3341_b.jpg]
[gorod53.ru/images/fotoalbomy/25/3341_m.jpg]
[gorod53.ru/images/fotoalbomy/25/3342_b.jpg]
[gorod53.ru/images/fotoalbomy/25/3342_m.jpg]
[gorod53.ru/images/fotoalbomy/25/3343_b.jpg]
[gorod53.ru/images/fotoalbomy/25/3343_m.jpg]
[gorod53.ru/images/fotoalbomy/25/3344_b.jpg]
[gorod53.ru/images/fotoalbomy/25/3344_m.jpg]
[gorod53.ru/images/fotoalbomy/25/3345_b.jpg]
[gorod53.ru/images/fotoalbomy/25/3345_m.jpg]
[gorod53.ru/images/fotoalbomy/25/3346_b.jpg]
[gorod53.ru/images/fotoalbomy/25/3346_m.jpg]
[gorod53.ru/images/fotoalbomy/25/3347_b.jpg]
[gorod53.ru/images/fotoalbomy/25/3347_m.jpg]
[gorod53.ru/images/fotoalbomy/25/3348_b.jpg]
[gorod53.ru/images/fotoalbomy/25/3348_m.jpg]
[gorod53.ru/images/fotoalbomy/25/3349_b.jpg]
[gorod53.ru/images/fotoalbomy/25/3349_m.jpg]
[gorod53.ru/images/fotoalbomy/25/3350_b.jpg]
[gorod53.ru/images/fotoalbomy/25/3350_m.jpg]
[gorod53.ru/images/fotoalbomy/25/3351_b.jpg]
[gorod53.ru/images/fotoalbomy/25/3351_m.jpg]
[gorod53.ru/images/fotoalbomy/25/3352_b.jpg]
[gorod53.ru/images/fotoalbomy/25/3352_m.jpg]
[gorod53.ru/images/fotoalbomy/25/3353_b.jpg]
[gorod53.ru/images/fotoalbomy/25/3353_m.jpg]
[gorod53.ru/images/fotoalbomy/25/3354_b.jpg]
[gorod53.ru/images/fotoalbomy/25/3354_m.jpg]
[gorod53.ru/images/fotoalbomy/25/3355_b.jpg]
[gorod53.ru/images/fotoalbomy/25/3355_m.jpg]
[gorod53.ru/images/fotoalbomy/25/3356_b.jpg]
[gorod53.ru/images/fotoalbomy/25/3356_m.jpg]
[gorod53.ru/images/fotoalbomy/25/3357_b.jpg]
[gorod53.ru/images/fotoalbomy/25/3357_m.jpg]
[gorod53.ru/images/fotoalbomy/25/3358_b.jpg]
[gorod53.ru/images/fotoalbomy/25/3358_m.jpg]
[gorod53.ru/images/fotoalbomy/25/3359_b.jpg]
[gorod53.ru/images/fotoalbomy/25/3359_m.jpg]
[gorod53.ru/images/fotoalbomy/25/3360_b.jpg]
[gorod53.ru/images/fotoalbomy/25/3360_m.jpg]
[gorod53.ru/images/fotoalbomy/25/3361_b.jpg]
[gorod53.ru/images/fotoalbomy/25/3361_m.jpg]
[gorod53.ru/images/fotoalbomy/25/3362_b.jpg]
[gorod53.ru/images/fotoalbomy/25/3362_m.jpg]
[gorod53.ru/images/fotoalbomy/25/3363_b.jpg]
[gorod53.ru/images/fotoalbomy/25/3363_m.jpg]
[gorod53.ru/images/fotoalbomy/25/3364_b.jpg]
[gorod53.ru/images/fotoalbomy/25/3364_m.jpg]
[gorod53.ru/images/fotoalbomy/25/3365_b.jpg]
[gorod53.ru/images/fotoalbomy/25/3365_m.jpg]
[gorod53.ru/images/fotoalbomy/25/3366_b.jpg]
[gorod53.ru/images/fotoalbomy/25/3366_m.jpg]
[gorod53.ru/images/fotoalbomy/25/3367_b.jpg]
[gorod53.ru/images/fotoalbomy/25/3367_m.jpg]
[gorod53.ru/images/fotoalbomy/25/3368_b.jpg]
[gorod53.ru/images/fotoalbomy/25/3368_m.jpg]
[gorod53.ru/images/fotoalbomy/25/3369_b.jpg]
[gorod53.ru/images/fotoalbomy/25/3369_m.jpg]
[gorod53.ru/images/fotoalbomy/25/3370_b.jpg]
[gorod53.ru/images/fotoalbomy/25/3370_m.jpg]
[gorod53.ru/images/fotoalbomy/25/3371_b.jpg]
[gorod53.ru/images/fotoalbomy/25/3371_m.jpg]
[gorod53.ru/images/fotoalbomy/25/3372_b.jpg]
[gorod53.ru/images/fotoalbomy/25/3372_m.jpg]
[gorod53.ru/images/fotoalbomy/25/3373_b.jpg]
[gorod53.ru/images/fotoalbomy/25/3373_m.jpg]
[gorod53.ru/images/fotoalbomy/25/3374_b.jpg]
[gorod53.ru/images/fotoalbomy/25/3374_m.jpg]
[gorod53.ru/images/fotoalbomy/25/3375_b.jpg]
[gorod53.ru/images/fotoalbomy/25/3375_m.jpg]
[gorod53.ru/images/fotoalbomy/25/3376_b.jpg]
[gorod53.ru/images/fotoalbomy/25/3376_m.jpg]
[gorod53.ru/images/fotoalbomy/25/3377_b.jpg]
[gorod53.ru/images/fotoalbomy/25/3377_m.jpg]
[gorod53.ru/images/fotoalbomy/25/3378_b.jpg]
[gorod53.ru/images/fotoalbomy/25/3378_m.jpg]
[gorod53.ru/images/fotoalbomy/25/3379_b.jpg]
[gorod53.ru/images/fotoalbomy/25/3379_m.jpg]
[gorod53.ru/images/fotoalbomy/25/3380_b.jpg]
[gorod53.ru/images/fotoalbomy/25/3380_m.jpg]
[gorod53.ru/images/fotoalbomy/25/3381_b.jpg]
[gorod53.ru/images/fotoalbomy/25/3381_m.jpg]
[gorod53.ru/images/fotoalbomy/25/3382_b.jpg]
[gorod53.ru/images/fotoalbomy/25/3382_m.jpg]
[gorod53.ru/images/fotoalbomy/25/3383_b.jpg]
[gorod53.ru/images/fotoalbomy/25/3383_m.jpg]
[gorod53.ru/images/fotoalbomy/25/3384_b.jpg]
[gorod53.ru/images/fotoalbomy/25/3384_m.jpg]
[gorod53.ru/images/fotoalbomy/25/3385_b.jpg]
[gorod53.ru/images/fotoalbomy/25/3385_m.jpg]
[gorod53.ru/images/fotoalbomy/25/3386_b.jpg]
[gorod53.ru/images/fotoalbomy/25/3386_m.jpg]
[gorod53.ru/images/fotoalbomy/25/3387_b.jpg]
[gorod53.ru/images/fotoalbomy/25/3387_m.jpg]
[gorod53.ru/images/fotoalbomy/25/3388_b.jpg]
[gorod53.ru/images/fotoalbomy/25/3388_m.jpg]
[gorod53.ru/images/fotoalbomy/25/3389_b.jpg]
[gorod53.ru/images/fotoalbomy/25/3389_m.jpg]
[gorod53.ru/images/fotoalbomy/25/3390_b.jpg]
[gorod53.ru/images/fotoalbomy/25/3390_m.jpg]
[gorod53.ru/images/fotoalbomy/25/3391_b.jpg]
[gorod53.ru/images/fotoalbomy/25/3391_m.jpg]
[gorod53.ru/images/fotoalbomy/25/3392_b.jpg]
[gorod53.ru/images/fotoalbomy/25/3392_m.jpg]
[gorod53.ru/images/fotoalbomy/25/3393_b.jpg]
[gorod53.ru/images/fotoalbomy/25/3393_m.jpg]
[gorod53.ru/images/fotoalbomy/25/3394_b.jpg]
[gorod53.ru/images/fotoalbomy/25/3394_m.jpg]
[gorod53.ru/images/fotoalbomy/25/3395_b.jpg]
[gorod53.ru/images/fotoalbomy/25/3395_m.jpg]
[gorod53.ru/images/fotoalbomy/25/3396_b.jpg]
[gorod53.ru/images/fotoalbomy/25/3396_m.jpg]
[gorod53.ru/images/fotoalbomy/25/3397_b.jpg]
[gorod53.ru/images/fotoalbomy/25/3397_m.jpg]
[gorod53.ru/images/fotoalbomy/25/3398_b.jpg]
[gorod53.ru/images/fotoalbomy/25/3398_m.jpg]
[gorod53.ru/images/fotoalbomy/25/3399_b.jpg]
[gorod53.ru/images/fotoalbomy/25/3399_m.jpg]
[gorod53.ru/images/fotoalbomy/25/3400_b.jpg]
[gorod53.ru/images/fotoalbomy/25/3400_m.jpg]
[gorod53.ru/images/fotoalbomy/25/3401_b.jpg]
[gorod53.ru/images/fotoalbomy/25/3401_m.jpg]
[gorod53.ru/images/fotoalbomy/25/3402_b.jpg]
[gorod53.ru/images/fotoalbomy/25/3402_m.jpg]
[gorod53.ru/images/fotoalbomy/25/3403_b.jpg]
[gorod53.ru/images/fotoalbomy/25/3403_m.jpg]
[gorod53.ru/images/fotoalbomy/25/3404_b.jpg]
[gorod53.ru/images/fotoalbomy/25/3404_m.jpg]
[gorod53.ru/images/fotoalbomy/25/3405_b.jpg]
[gorod53.ru/images/fotoalbomy/25/3405_m.jpg]
[gorod53.ru/images/fotoalbomy/25/3406_b.jpg]
[gorod53.ru/images/fotoalbomy/25/3406_m.jpg]
[gorod53.ru/images/fotoalbomy/25/3407_b.jpg]
[gorod53.ru/images/fotoalbomy/25/3407_m.jpg]
[gorod53.ru/images/fotoalbomy/25/3408_b.jpg]
[gorod53.ru/images/fotoalbomy/25/3408_m.jpg]
[gorod53.ru/images/fotoalbomy/25/3409_b.jpg]
[gorod53.ru/images/fotoalbomy/25/3409_m.jpg]
[gorod53.ru/images/fotoalbomy/25/3410_b.jpg]
[gorod53.ru/images/fotoalbomy/25/3410_m.jpg]
[gorod53.ru/images/fotoalbomy/25/3411_b.jpg]
[gorod53.ru/images/fotoalbomy/25/3411_m.jpg]
[gorod53.ru/images/fotoalbomy/25/3412_b.jpg]
[gorod53.ru/images/fotoalbomy/25/3412_m.jpg]
[gorod53.ru/images/fotoalbomy/25/3413_b.jpg]
[gorod53.ru/images/fotoalbomy/25/3413_m.jpg]
[gorod53.ru/images/fotoalbomy/25/3414_b.jpg]
[gorod53.ru/images/fotoalbomy/25/3414_m.jpg]
[gorod53.ru/images/fotoalbomy/25/3415_b.jpg]
[gorod53.ru/images/fotoalbomy/25/3415_m.jpg]
[gorod53.ru/images/fotoalbomy/25/3416_b.jpg]
[gorod53.ru/images/fotoalbomy/25/3416_m.jpg]
[gorod53.ru/images/fotoalbomy/25/3417_b.jpg]
[gorod53.ru/images/fotoalbomy/25/3417_m.jpg]
[gorod53.ru/images/fotoalbomy/25/3418_b.jpg]
[gorod53.ru/images/fotoalbomy/25/3418_m.jpg]
[gorod53.ru/images/fotoalbomy/25/3419_b.jpg]
[gorod53.ru/images/fotoalbomy/25/3419_m.jpg]
[gorod53.ru/images/fotoalbomy/25/3420_b.jpg]
[gorod53.ru/images/fotoalbomy/25/3420_m.jpg]
[gorod53.ru/images/fotoalbomy/25/3421_b.jpg]
[gorod53.ru/images/fotoalbomy/25/3421_m.jpg]
[gorod53.ru/images/fotoalbomy/25/3422_b.jpg]
[gorod53.ru/images/fotoalbomy/25/3422_m.jpg]
[gorod53.ru/images/fotoalbomy/25/3423_b.jpg]
[gorod53.ru/images/fotoalbomy/25/3423_m.jpg]
[gorod53.ru/images/fotoalbomy/25/3424_b.jpg]
[gorod53.ru/images/fotoalbomy/25/3424_m.jpg]
[gorod53.ru/images/fotoalbomy/25/3425_b.jpg]
[gorod53.ru/images/fotoalbomy/25/3425_m.jpg]
[gorod53.ru/images/fotoalbomy/25/3426_b.jpg]
[gorod53.ru/images/fotoalbomy/25/3426_m.jpg]
[gorod53.ru/images/fotoalbomy/25/3427_b.jpg]
[gorod53.ru/images/fotoalbomy/25/3427_m.jpg]
[gorod53.ru/images/fotoalbomy/25/3428_b.jpg]
[gorod53.ru/images/fotoalbomy/25/3428_m.jpg]
[gorod53.ru/images/fotoalbomy/25/3429_b.jpg]
[gorod53.ru/images/fotoalbomy/25/3429_m.jpg]
[gorod53.ru/images/fotoalbomy/25/3430_b.jpg]
[gorod53.ru/images/fotoalbomy/25/3430_m.jpg]
[gorod53.ru/images/fotoalbomy/25/3431_b.jpg]
[gorod53.ru/images/fotoalbomy/25/3431_m.jpg]
[gorod53.ru/images/fotoalbomy/25/3432_b.jpg]
[gorod53.ru/images/fotoalbomy/25/3432_m.jpg]
[gorod53.ru/images/fotoalbomy/25/3433_b.jpg]
[gorod53.ru/images/fotoalbomy/25/3433_m.jpg]
[gorod53.ru/images/fotoalbomy/25/3434_b.jpg]
[gorod53.ru/images/fotoalbomy/25/3434_m.jpg]
[gorod53.ru/images/fotoalbomy/25/3435_b.jpg]
[gorod53.ru/images/fotoalbomy/25/3435_m.jpg]
[gorod53.ru/images/fotoalbomy/25/3436_b.jpg]
[gorod53.ru/images/fotoalbomy/25/3436_m.jpg]
[gorod53.ru/images/fotoalbomy/25/3437_b.jpg]
[gorod53.ru/images/fotoalbomy/25/3437_m.jpg]
[gorod53.ru/images/fotoalbomy/25/3438_b.jpg]
[gorod53.ru/images/fotoalbomy/25/3438_m.jpg]
[gorod53.ru/images/fotoalbomy/25/3439_b.jpg]
[gorod53.ru/images/fotoalbomy/25/3439_m.jpg]
[gorod53.ru/images/fotoalbomy/25/3440_b.jpg]
[gorod53.ru/images/fotoalbomy/25/3440_m.jpg]
[gorod53.ru/images/fotoalbomy/25/3441_b.jpg]
[gorod53.ru/images/fotoalbomy/25/3441_m.jpg]
[gorod53.ru/images/fotoalbomy/25/3442_b.jpg]
[gorod53.ru/images/fotoalbomy/25/3442_m.jpg]
[gorod53.ru/images/fotoalbomy/25/3443_b.jpg]
[gorod53.ru/images/fotoalbomy/25/3443_m.jpg]
[gorod53.ru/images/fotoalbomy/25/3444_b.jpg]
[gorod53.ru/images/fotoalbomy/25/3444_m.jpg]
[gorod53.ru/images/fotoalbomy/25/3445_b.jpg]
[gorod53.ru/images/fotoalbomy/25/3445_m.jpg]
[gorod53.ru/images/fotoalbomy/25/3446_b.jpg]
[gorod53.ru/images/fotoalbomy/25/3446_m.jpg]
[gorod53.ru/images/fotoalbomy/25/3447_b.jpg]
[gorod53.ru/images/fotoalbomy/25/3447_m.jpg]
[gorod53.ru/images/fotoalbomy/25/3448_b.jpg]
[gorod53.ru/images/fotoalbomy/25/3448_m.jpg]
[gorod53.ru/images/fotoalbomy/25/3449_b.jpg]
[gorod53.ru/images/fotoalbomy/25/3449_m.jpg]
[gorod53.ru/images/fotoalbomy/25/3450_b.jpg]
[gorod53.ru/images/fotoalbomy/25/3450_m.jpg]
[gorod53.ru/images/fotoalbomy/25/3451_b.jpg]
[gorod53.ru/images/fotoalbomy/25/3451_m.jpg]
[gorod53.ru/images/fotoalbomy/25/3452_b.jpg]
[gorod53.ru/images/fotoalbomy/25/3452_m.jpg]
[gorod53.ru/images/fotoalbomy/25/3453_b.jpg]
[gorod53.ru/images/fotoalbomy/25/3453_m.jpg]
[gorod53.ru/images/fotoalbomy/25/3454_b.jpg]
[gorod53.ru/images/fotoalbomy/25/3454_m.jpg]
[gorod53.ru/fotogalereya/25.html]
[gorod53.ru/images/fotoalbomy/20/3094_b.jpg]
[gorod53.ru/images/fotoalbomy/20/3095_b.jpg]
[gorod53.ru/images/fotoalbomy/20/3095_m.jpg]
[gorod53.ru/images/fotoalbomy/20/3096_b.jpg]
[gorod53.ru/images/fotoalbomy/20/3096_m.jpg]
[gorod53.ru/images/fotoalbomy/20/3097_b.jpg]
[gorod53.ru/images/fotoalbomy/20/3097_m.jpg]
[gorod53.ru/images/fotoalbomy/20/3098_b.jpg]
[gorod53.ru/images/fotoalbomy/20/3098_m.jpg]
[gorod53.ru/images/fotoalbomy/20/3099_b.jpg]
[gorod53.ru/images/fotoalbomy/20/3099_m.jpg]
[gorod53.ru/images/fotoalbomy/20/3100_b.jpg]
[gorod53.ru/images/fotoalbomy/20/3100_m.jpg]
[gorod53.ru/images/fotoalbomy/20/3101_b.jpg]
[gorod53.ru/images/fotoalbomy/20/3101_m.jpg]
[gorod53.ru/images/fotoalbomy/20/3102_b.jpg]
[gorod53.ru/images/fotoalbomy/20/3102_m.jpg]
[gorod53.ru/images/fotoalbomy/20/3103_b.jpg]
[gorod53.ru/images/fotoalbomy/20/3103_m.jpg]
[gorod53.ru/images/fotoalbomy/20/3104_b.jpg]
[gorod53.ru/images/fotoalbomy/20/3104_m.jpg]
[gorod53.ru/images/fotoalbomy/20/3105_b.jpg]
[gorod53.ru/images/fotoalbomy/20/3105_m.jpg]
[gorod53.ru/images/fotoalbomy/20/3106_b.jpg]
[gorod53.ru/images/fotoalbomy/20/3106_m.jpg]
[gorod53.ru/images/fotoalbomy/20/3107_b.jpg]
[gorod53.ru/images/fotoalbomy/20/3107_m.jpg]
[gorod53.ru/images/fotoalbomy/20/3108_b.jpg]
[gorod53.ru/images/fotoalbomy/20/3108_m.jpg]
[gorod53.ru/images/fotoalbomy/20/3109_b.jpg]
[gorod53.ru/images/fotoalbomy/20/3109_m.jpg]
[gorod53.ru/images/fotoalbomy/20/3110_b.jpg]
[gorod53.ru/images/fotoalbomy/20/3110_m.jpg]
[gorod53.ru/images/fotoalbomy/20/3111_b.jpg]
[gorod53.ru/images/fotoalbomy/20/3111_m.jpg]
[gorod53.ru/images/fotoalbomy/20/3112_b.jpg]
[gorod53.ru/images/fotoalbomy/20/3112_m.jpg]
[gorod53.ru/images/fotoalbomy/20/3113_b.jpg]
[gorod53.ru/images/fotoalbomy/20/3113_m.jpg]
[gorod53.ru/images/fotoalbomy/20/3114_b.jpg]
[gorod53.ru/images/fotoalbomy/20/3114_m.jpg]
[gorod53.ru/images/fotoalbomy/20/3115_b.jpg]
[gorod53.ru/images/fotoalbomy/20/3115_m.jpg]
[gorod53.ru/images/fotoalbomy/20/3116_b.jpg]
[gorod53.ru/images/fotoalbomy/20/3116_m.jpg]
[gorod53.ru/images/fotoalbomy/20/3117_b.jpg]
[gorod53.ru/images/fotoalbomy/20/3117_m.jpg]
[gorod53.ru/images/fotoalbomy/20/3118_b.jpg]
[gorod53.ru/images/fotoalbomy/20/3118_m.jpg]
[gorod53.ru/images/fotoalbomy/20/3119_b.jpg]
[gorod53.ru/images/fotoalbomy/20/3119_m.jpg]
[gorod53.ru/images/fotoalbomy/20/3120_b.jpg]
[gorod53.ru/images/fotoalbomy/20/3120_m.jpg]
[gorod53.ru/images/fotoalbomy/20/3121_b.jpg]
[gorod53.ru/images/fotoalbomy/20/3121_m.jpg]
[gorod53.ru/images/fotoalbomy/20/3122_b.jpg]
[gorod53.ru/images/fotoalbomy/20/3122_m.jpg]
[gorod53.ru/images/fotoalbomy/20/3123_b.jpg]
[gorod53.ru/images/fotoalbomy/20/3123_m.jpg]
[gorod53.ru/images/fotoalbomy/20/3124_b.jpg]
[gorod53.ru/images/fotoalbomy/20/3124_m.jpg]
[gorod53.ru/images/fotoalbomy/20/3125_b.jpg]
[gorod53.ru/images/fotoalbomy/20/3125_m.jpg]
[gorod53.ru/images/fotoalbomy/20/3126_b.jpg]
[gorod53.ru/images/fotoalbomy/20/3126_m.jpg]
[gorod53.ru/images/fotoalbomy/20/3127_b.jpg]
[gorod53.ru/images/fotoalbomy/20/3127_m.jpg]
[gorod53.ru/images/fotoalbomy/20/3128_b.jpg]
[gorod53.ru/images/fotoalbomy/20/3128_m.jpg]
[gorod53.ru/fotogalereya/20.html]
[gorod53.ru/fotogalereya/indexe732.html]
[gorod53.ru/videoteka/32.html]
[gorod53.ru/images/videoteka/32.jpg]
[gorod53.ru/videoteka/37.html]
[gorod53.ru/images/videoteka/37.jpg]
[gorod53.ru/videoteka/index4a53.html]
[gorod53.ru/videoteka/indexe732.html]
[gorod53.ru/mi-ispolzuem-cookiee732.html]
[gorod53.ru/klubnie-formirovaniya/horeograficheskie-kollektivi/shkola-studiya-tantcuyushij-gorod.html]
[gorod53.ru/userfiles/images/oHTMaHyQzZk.jpg]
[gorod53.ru/klubnie-formirovaniya/horeograficheskie-kollektivi/horeograficheskaya-studiya-konfetti.html]
[gorod53.ru/klubnie-formirovaniya/horeograficheskie-kollektivi/horeograficheskij-ansambl-ladushki.html]
[gorod53.ru/klubnie-formirovaniya/horeograficheskie-kollektivi/horeograficheskij-ansambl-molodost.html]
[gorod53.ru/userfiles/images/Ok3dN-ucAw8.jpg]
[gorod53.ru/klubnie-formirovaniya/horeograficheskie-kollektivi/gruppa-igrovoj-horeografii-luchiki.html]
[gorod53.ru/userfiles/images/JZdxZMNOESY.jpg]
[gorod53.ru/klubnie-formirovaniya/horeograficheskie-kollektivi/shkola-irlandskogo-tantca-samhain.html]
[gorod53.ru/userfiles/images/gc5b1Qn5UTc.jpg]
[gorod53.ru/klubnie-formirovaniya/horeograficheskie-kollektivi/horeograficheskij-kollektiv-kruasani.html]
[gorod53.ru/userfiles/images/o1b6Ep8WhXk.jpg]
[gorod53.ru/klubnie-formirovaniya/horeograficheskie-kollektivi/studiya-chirlidinga.html]
[gorod53.ru/klubnie-formirovaniya/horeograficheskie-kollektivi/detskij-teatr-baleta.html]
[gorod53.ru/userfiles/images/cYZrOkKmpuE.jpg]
[gorod53.ru/klubnie-formirovaniya/horeograficheskie-kollektivi/horeograficheskaya-studiya-kalejdoskop.html]
[gorod53.ru/userfiles/files/7Ez0kLVvmo8.jpg]
[gorod53.ru/userfiles/images/7Ez0kLVvmo8.jpg]
[gorod53.ru/klubnie-formirovaniya/horeograficheskie-kollektivi/new-wave-fam-studiya-sovremennoj-horeografii.html]
[gorod53.ru/klubnie-formirovaniya/horeograficheskie-kollektivi/shkola-brejk-dansa-nova-breaking-school.html]
[gorod53.ru/userfiles/images/dmayRMUsjck(1).jpg]
[gorod53.ru/klubnie-formirovaniya/vokalnie-kollektivi/gruppa-meloman.html]
[gorod53.ru/klubnie-formirovaniya/vokalnie-kollektivi/vokalnaya-studiya-akvarel.html]
[gorod53.ru/userfiles/images/A6jwXdQLDoM.jpg]
[gorod53.ru/klubnie-formirovaniya/vokalnie-kollektivi/vokalnaya-studiya-intonika.html]
[gorod53.ru/userfiles/images/QcU3Gjedz2w.jpg]
[gorod53.ru/klubnie-formirovaniya/vokalnie-kollektivi/studiya-estradnogo-vokala-mikst.html]
[gorod53.ru/userfiles/images/o_duRALJkkg(1).jpg]
[gorod53.ru/klubnie-formirovaniya/vokalnie-kollektivi/akademicheskij-muzhskoj-hor.html]
[gorod53.ru/klubnie-formirovaniya/vokalnie-kollektivi/hor-veteranov.html]
[gorod53.ru/userfiles/images/AUjlY8vL3f8.jpg]
[gorod53.ru/klubnie-formirovaniya/dekorativno-prikladnoe-tvorchestvo/studiya-traditcionnoj-rospisi-alenkij-tcvetochek.html]
[gorod53.ru/userfiles/images/rcQ3atjomxU.jpg]
[gorod53.ru/klubnie-formirovaniya/dekorativno-prikladnoe-tvorchestvo/studiya-izobrazitelnogo-iskusstva-kolorit.html]
[gorod53.ru/userfiles/images/l9oonxY6Hyw.jpg]
[gorod53.ru/klubnie-formirovaniya/dekorativno-prikladnoe-tvorchestvo/studiya-lepki-glinyanoe-chudo.html]
[gorod53.ru/userfiles/images/RoB-9KN1q7Q.jpg]
[gorod53.ru/klubnie-formirovaniya/dekorativno-prikladnoe-tvorchestvo/studiya-rukodeliya-zolushka.html]
[gorod53.ru/klubnie-formirovaniya/dekorativno-prikladnoe-tvorchestvo/studiya-dekorativno-prikladnogo-tvorchestva-lakovaya-miniatyura.html]
[gorod53.ru/klubnie-formirovaniya/dekorativno-prikladnoe-tvorchestvo/studiya-dekorativno-prikladnogo-tvorchestva-traditcionnaya-kukla.html]
[gorod53.ru/klubnie-formirovaniya/dekorativno-prikladnoe-tvorchestvo/studiya-dekorativno-prikladnogo-iskusstva-novgorodskaya-beresta.html]
[gorod53.ru/klubnie-formirovaniya/izobrazitelnoe-iskusstvo/studiya-traditcionnoj-rospisi-alenkij-tcvetochek.html]
[gorod53.ru/klubnie-formirovaniya/izobrazitelnoe-iskusstvo/studiya-izobrazitelnogo-iskusstva-kolorit.html]
[gorod53.ru/userfiles/images/hGeqmselUrI.jpg]
[gorod53.ru/klubnie-formirovaniya/izobrazitelnoe-iskusstvo/studiya-risunka-i-dizajna-kapitoshka.html]
[gorod53.ru/klubnie-formirovaniya/izobrazitelnoe-iskusstvo/studiya-izobrazitelnogo-iskusstva.html]
[gorod53.ru/klubnie-formirovaniya/izobrazitelnoe-iskusstvo/studiya-izobrazitelnogo-iskusstva-karmin.html]
[gorod53.ru/klubnie-formirovaniya/izobrazitelnoe-iskusstvo/studiya-izobrazitelnogo-iskusstva-perspektiva.html]
[gorod53.ru/klubnie-formirovaniya/teatralnie-kollektivi/teatr-neslishashego-aktera-zhest.html]
[gorod53.ru/klubnie-formirovaniya/teatralnie-kollektivi/teatr-yunogo-zritelya-vivat.html]
[gorod53.ru/userfiles/images/ljgvgjp(1).jpg]
[gorod53.ru/klubnie-formirovaniya/teatralnie-kollektivi/teatr-studiya-eksperiment.html]
[gorod53.ru/klubnie-formirovaniya/teatralnie-kollektivi/teatralnie-studii-printc-gamlet-i-drug-goratcio.html]
[gorod53.ru/userfiles/images/7k3uCq4W6rg.jpg]
[gorod53.ru/klubnie-formirovaniya/razvivayushe-obuchayushaya-deyatelnost/mini-shkola-uchimsya-igraya.html]
[gorod53.ru/klubnie-formirovaniya/razvivayushe-obuchayushaya-deyatelnost/studiya-razvitiya-intellektualnih-i-tvorcheskih-sposobnostej-raduga.html]
[gorod53.ru/klubnie-formirovaniya/narodnie-kollektivi/horeograficheskij-ansambl-ladushki.html]
[gorod53.ru/klubnie-formirovaniya/narodnie-kollektivi/detskij-teatr-baleta.html]
[gorod53.ru/klubnie-formirovaniya/narodnie-kollektivi/vokalnaya-studiya-akvarel.html]
[gorod53.ru/klubnie-formirovaniya/narodnie-kollektivi/shkola-studiya-tantcuyushij-gorod.html]
[gorod53.ru/klubnie-formirovaniya/narodnie-kollektivi/teatr-neslishashego-aktera-zhest.html]
[gorod53.ru/klubnie-formirovaniya/narodnie-kollektivi/teatr-yunogo-zritelya.html]
[gorod53.ru/klubnie-formirovaniya/narodnie-kollektivi/teatr-studiya-eksperiment.html]
[gorod53.ru/klubnie-formirovaniya/narodnie-kollektivi/horeograficheskij-ansambl-molodost.html]
[gorod53.ru/klubnie-formirovaniya/narodnie-kollektivi/studiya-izobrazitelnogo-iskusstva.html]
[gorod53.ru/klubnie-formirovaniya/narodnie-kollektivi/hor-veteranov.html]
[gorod53.ru/klubnie-formirovaniya/narodnie-kollektivi/akademicheskij-muzhskoj-hor.html]
[gorod53.ru/klubnie-formirovaniya/narodnie-kollektivi/studiya-dekorativno-prikladnogo-iskusstva-novgorodskaya-beresta.html]
[gorod53.ru/klubnie-formirovaniya/narodnie-kollektivi/studiya-dekorativno-prikladnogo-tvorchestva-traditcionnaya-kukla.html]
[gorod53.ru/klubnie-formirovaniya/narodnie-kollektivi/studiya-dekorativno-prikladnogo-tvorchestva-lakovaya-miniatyura.html]
[gorod53.ru/klubnie-formirovaniya/narodnie-kollektivi/gruppa-meloman.html]
[gorod53.ru/images/anonsy/354.jpg]
[gorod53.ru/anonsy/354.html]
[gorod53.ru/images/anonsy/358.jpg]
[gorod53.ru/anonsy/358.html]
[gorod53.ru/images/anonsy/361.jpg]
[vk.com/emoji/e/e280bc.png]
[vk.com/emoji/e/e28fb3.png]
[vk.com/emoji/e/e2988e.png]
[gorod53.ru/anonsy/361.html]
[gorod53.ru/images/anonsy/362.jpg]
[vk.com/emoji/e/f09f938d.png]
[vk.com/emoji/e/f09f8eab.png]
[vk.com/emoji/e/e2989df09f8fbb.png]
[gorod53.ru/anonsy/362.html]
[gorod53.ru/images/anonsy/363.jpg]
[gorod53.ru/klubnie-formirovaniya/studii-dlya-vzroslih-s-18-100-i-starshe/studiya-akterskogo-masterstva-vtoraya-liniya.html]
[gorod53.ru/userfiles/images/lsYJ3oG-aV0.jpg]
[vk.com/emoji/e/f09f91a8e2808df09f91a9e2808df09f91a7e2808df09f91a6.png]
[vk.com/emoji/e/f09f93a3.png]
[vk.com/emoji/e/f09f94b8.png]
[gorod53.ru/anonsy/363.html]
[gorod53.ru/anonsy/365.html]
[gorod53.ru/images/anonsy/365-sm.jpg]
[gorod53.ru/images/anonsy/364-sm.jpg]
[gorod53.ru/anonsy/364.html]
[gorod53.ru/images/anonsy/367-sm.jpg]
[gorod53.ru/anonsy/367.html]
[gorod53.ru/images/anonsy/369-sm.jpg]
[gorod53.ru/images/anonsy/368-sm.jpg]
[gorod53.ru/anonsy/index1ac5.html]
[gorod53.ru/images/anonsy/369.jpg]
[gorod53.ru/userfiles/images/    (14).jpg]
[gorod53.ru/userfiles/images/      (1).jpg]
[gorod53.ru/userfiles/images/    (15).jpg]
[gorod53.ru/userfiles/images/  ,   .jpg]
[gorod53.ru/userfiles/images/   (22).jpg]
[gorod53.ru/userfiles/images/    (16).jpg]
[gorod53.ru/userfiles/images/   (23).jpg]
[gorod53.ru/userfiles/images/ ,   .jpg]
[gorod53.ru/anonsy/indexb88f.html]
[gorod53.ru/userfiles/images/       .jpg]
[gorod53.ru/userfiles/images/    (17).jpg]
[gorod53.ru/userfiles/images/      (2).jpg]
[gorod53.ru/userfiles/images/      (3).jpg]
[gorod53.ru/userfiles/images/     (4).jpg]
[gorod53.ru/userfiles/images/   (24).jpg]
[gorod53.ru/userfiles/images/    (18).jpg]
[gorod53.ru/userfiles/images/      (4).jpg]
[gorod53.ru/userfiles/images/    ,    (2).jpg]
[gorod53.ru/userfiles/images/    ,   .jpg]
[gorod53.ru/userfiles/images/     (5).jpg]
[gorod53.ru/userfiles/images/ - ,   .jpg]
[gorod53.ru/userfiles/images/,   .jpg]
[gorod53.ru/userfiles/images/    (19).jpg]
[gorod53.ru/userfiles/images/     (6).jpg]
[gorod53.ru/userfiles/images/       (1).jpg]
[gorod53.ru/userfiles/images/       ,   -   .jpg]
[gorod53.ru/userfiles/images/  ,    2.jpg]
[gorod53.ru/anonsy/369.html]
[gorod53.ru/videoteka/32.html]
[gorod53.ru/videoteka/37.html]
[gorod53.ru/klubnie-formirovaniya/studii-dlya-vzroslih-s-18-100-i-starshe/studiya-akterskogo-masterstva-vtoraya-liniya.html]
[gorod53.ru/images/anonsy/365.jpg]
[vk.com/emoji/e/f09f8ea8.png]
[gorod53.ru/klubnie-formirovaniya/studii-dlya-podrostkov-s-7-17-let/studiya-pesochnoj-animatcii.html]
[vk.com/emoji/e/e28fb0.png]
[vk.com/emoji/e/f09f968c.png]
[vk.com/emoji/e/f09f91a8e2808df09f8ea8.png]
[vk.com/emoji/e/f09f988a.png]
[vk.com/emoji/e/f09f94b9.png]
[vk.com/emoji/e/e29ca8.png]
[vk.com/emoji/e/f09f91a6.png]
[vk.com/emoji/e/f09f91a7.png]
[gorod53.ru/userfiles/images/kbKcbVot7ww.jpg]
[gorod53.ru/userfiles/images/bUDqSsx1-1M.jpg]
[gorod53.ru/anonsy/365.html]
[gorod53.ru/images/anonsy/364.jpg]
[gorod53.ru/userfiles/images/4Nu2j07oz6o.jpg]
[gorod53.ru/klubnie-formirovaniya/studii-dlya-podrostkov-s-7-17-let/teatr-yunogo-zritelya.html]
[vk.com/emoji/e/f09fa68a.png]
[vk.com/emoji/e/f09f91aa.png]
[vk.com/emoji/e/f09f948e.png]
[gorod53.ru/anonsy/364.html]
[gorod53.ru/images/anonsy/367.jpg]
[gorod53.ru/userfiles/images/ikhfjkyg.jpg]
[gorod53.ru/anonsy/367.html]
[gorod53.ru/images/anonsy/372-sm.jpg]
[gorod53.ru/images/anonsy/373-sm.jpg]
[gorod53.ru/images/anonsy/374-sm.jpg]
[gorod53.ru/anonsy/indexb88f.html]
[gorod53.ru/anonsy/369e732.html]
[gorod53.ru/videoteka/32e732.html]
[gorod53.ru/videoteka/37e732.html]
[gorod53.ru/klubnie-formirovaniya/studii-dlya-podrostkov-s-7-17-let/studiya-pesochnoj-animatcii.html]
[gorod53.ru/anonsy/365e732.html]
[gorod53.ru/klubnie-formirovaniya/studii-dlya-podrostkov-s-7-17-let/teatr-yunogo-zritelya.html]
[gorod53.ru/anonsy/364e732.html]
[gorod53.ru/anonsy/367e732.html]
[gorod53.ru/favicon.png]
[gorod53.ru/css/Ubuntu-C.eot]
[gorod53.ru/css/Ubuntu-C.ttf]
[gorod53.ru/images/tpl/body.gif]
[gorod53.ru/images/tpl/logo.gif]
[gorod53.ru/images/tpl/eye-2387853_1280.png]
[gorod53.ru/userfiles/images/slyder(1)(1).jpg]
[gorod53.ru/images/anonsy/381-sm.jpg]
[gorod53.ru/css/reset.css]
[gorod53.ru/images/anonsy/378-sm.jpg]
[gorod53.ru/images/anonsy/370-sm.jpg]
[gorod53.ru/images/anonsy/371-sm.jpg]
[gorod53.ru/images/news/109-sm.jpg]
[gorod53.ru/css/layout.css]
[gorod53.ru/images/baners/1/39.jpg]
[gorod53.ru/images/baners/1/55.jpg]
[gorod53.ru/images/baners/1/36.jpg]
[gorod53.ru/images/tpl/wrap.gif]
[gorod53.ru/images/tpl/header.gif]
[gorod53.ru/userfiles/images/baneri-vnizu/vagon-igrushek.jpg]
[gorod53.ru/images/baners/1/24.jpg]
[gorod53.ru/images/tmp/04.jpg]
[pos.gosuslugi.ru/bin/script.min.js]
[gorod53.ru/images/tpl/foot_body.gif]
[gorod53.ru/images/baners/2/52.jpg]
[gorod53.ru/images/baners/2/47.jpg]
[gorod53.ru/images/tpl/main_menu.gif]
[gorod53.ru/images/baners/2/43.jpg]
[gorod53.ru/images/baners/2/44.jpg]
[gorod53.ru/images/baners/2/57.jpg]
[gorod53.ru/images/lock.png]
[gorod53.ru/images/tpl/main_menu_li.gif]
[gorod53.ru/images/tpl/foot_logo.png]
[culturaltracking.ru/static/js/spxlb331.js]
[gorod53.ru/userfiles/files/     .doc]
[gorod53.ru/userfiles/files/      (2015).pdf]
[gorod53.ru/images/tpl/mod_top_slider_bg.jpg]
[gorod53.ru/images/tpl/mod_top_slider_nav.jpg]
[gorod53.ru/userfiles/files/      (2019).pdf]
[gorod53.ru/userfiles/files/    .pdf]
[gorod53.ru/userfiles/files/   (2).pdf]
[gorod53.ru/userfiles/files/       .pdf]
[gorod53.ru/images/tpl/mod_anonse_title.png]
[gorod53.ru/userfiles/files/   (3).pdf]
[gorod53.ru/userfiles/files/   ,     .pdf]
[gorod53.ru/userfiles/files/   (4).pdf]
[gorod53.ru/userfiles/files/        (2019).pdf]
[gorod53.ru/images/tpl/mod_anonse_link.gif]
[gorod53.ru/userfiles/files/  .pdf]
[gorod53.ru/userfiles/files/    (2020).doc]
[gorod53.ru/userfiles/files/ ()     (2020).doc]
[gorod53.ru/userfiles/files/Otchot o corrupcii za 2021(1).pdf]
[gorod53.ru/images/tpl/mod_partners_title.png]
[gorod53.ru/userfiles/files/Otchot o corrupcii za 2021(2).pdf]
[gorod53.ru/userfiles/files/Plan meropriyatiy po predotvrahenii korupcii na 2022(1).pdf]
[gorod53.ru/images/special/images/w_normal.png]
[gorod53.ru/images/special/images/b_normal.png]
[gorod53.ru/images/tpl/buttons.png]
[gorod53.ru/images/special/images/c_normal.png]
[gorod53.ru/images/special/images/a1.png]
[gorod53.ru/images/special/images/a2.png]
[gorod53.ru/images/special/images/a3.png]
[gorod53.ru/userfiles/images/  (7).jpg]
[gorod53.ru/images/news/110-sm.jpg]
[gorod53.ru/images/news/108-sm.jpg]
[gorod53.ru/userfiles/images/ (3).jpg]
[gorod53.ru/images/close.png]
[gorod53.ru/css/template.css]
[gorod53.ru/userfiles/images/ (4).jpg]
[gorod53.ru/userfiles/images/- (1).jpg]
[gorod53.ru/userfiles/images/ (5).jpg]
[gorod53.ru/userfiles/images/ (6).jpg]
[gorod53.ru/images/fancybox/fancybox_sprite.png]
[gorod53.ru/userfiles/images/- (2).jpg]
[gorod53.ru/userfiles/images/   .jpg]
[gorod53.ru/userfiles/images/ladushki.jpg]
[gorod53.ru/userfiles/images/3Gsp8H2WAdM.jpg]
[gorod53.ru/images/fancybox/fancybox_loading.gif]
[gorod53.ru/userfiles/images/MtZM-rX1gjg.jpg]
[gorod53.ru/userfiles/images/v0SJoWMM0zE(1).jpg]
[gorod53.ru/userfiles/images/2e_DnvaD6MU.jpg]
[gorod53.ru/userfiles/images/9YRAarQ7xjM(1).jpg]
[gorod53.ru/images/fancybox/blank.gif]
[gorod53.ru/userfiles/images/ljgvgjp.jpg]
[gorod53.ru/userfiles/images/138acHgzBV4.jpg]
[gorod53.ru/userfiles/images/BhABWqquMms.jpg]
[gorod53.ru/userfiles/images/tU9g9qu-ecU.jpg]
[gorod53.ru/images/fancybox/fancybox_overlay.png]
[gorod53.ru/images/fancybox/fancybox_sprite@2x.png]
[gorod53.ru/images/fancybox/fancybox_loading@2x.gif]
[gorod53.ru/css/jquery.fancybox.css]
[gorod53.ru/userfiles/images/_lGNxOMzXB8.jpg]
[gorod53.ru/userfiles/images/3Od1QL9fM8I.jpg]
[gorod53.ru/userfiles/images/eP6V6POe8WA.jpg]
[gorod53.ru/userfiles/images/G9-o1Idt_h8.jpg]
[gorod53.ru/css/jquery-ui-timepicker-addon.css]
[gorod53.ru/userfiles/images/dmayRMUsjck(2)(2).jpg]
[gorod53.ru/userfiles/files/Preyskurant_tsen_na_platnye_uslugi_-_obschiy_2022-2023.pdf]
[gorod53.ru/userfiles/files/     () 2019 ().pdf]
[gorod53.ru/userfiles/files/    ( 2022)!!!.pdf]
[gorod53.ru/images/ui/ui-bg_inset-hard_100_fcfdfd_1x100.png]
[gorod53.ru/images/ui/ui-bg_gloss-wave_55_5c9ccc_500x100.png]
[gorod53.ru/userfiles/files/     ( ).doc]
[gorod53.ru/userfiles/files/     -   .doc]
[../pub/files/mun_zadan/ved_perechen/ved_perechen_1016.pdf]
[gorod53.ru/images/ui/ui-bg_glass_85_dfeffc_1x400.png]
[gorod53.ru/images/ui/ui-bg_glass_75_d0e5f5_1x400.png]
[gorod53.ru/images/ui/ui-bg_inset-hard_100_f5f8f9_1x100.png]
[gorod53.ru/images/anonsy/381.jpg]
[vk.com/emoji/e/e29d97.png]
[gorod53.ru/images/ui/ui-bg_flat_55_fbec88_40x100.png]
[gorod53.ru/images/anonsy/378.jpg]
[gorod53.ru/images/anonsy/370.jpg]
[gorod53.ru/userfiles/images/1(2).jpg]
[gorod53.ru/userfiles/images/2(1).jpg]
[gorod53.ru/images/ui/ui-bg_glass_95_fef1ec_1x400.png]
[gorod53.ru/userfiles/images/3.jpg]
[gorod53.ru/userfiles/images/4.jpg]
[gorod53.ru/userfiles/images/5.jpg]
[gorod53.ru/userfiles/images/6.jpg]
[gorod53.ru/images/ui/ui-icons_469bdd_256x240.png]
[gorod53.ru/userfiles/images/7.jpg]
[gorod53.ru/userfiles/images/8.jpg]
[gorod53.ru/userfiles/images/9(1).jpg]
[gorod53.ru/userfiles/images/10.jpg]
[gorod53.ru/images/ui/ui-icons_d8e7f3_256x240.png]
[gorod53.ru/userfiles/images/11.jpg]
[gorod53.ru/userfiles/images/12.jpg]
[gorod53.ru/userfiles/images/13.jpg]
[gorod53.ru/userfiles/images/14.jpg]
[gorod53.ru/images/ui/ui-icons_6da8d5_256x240.png]
[gorod53.ru/userfiles/images/15.jpg]
[gorod53.ru/userfiles/images/16.jpg]
[gorod53.ru/userfiles/images/17.jpg]
[gorod53.ru/userfiles/images/18.jpg]
[gorod53.ru/images/ui/ui-icons_217bc0_256x240.png]
[gorod53.ru/userfiles/images/19.jpg]
[gorod53.ru/userfiles/images/20.jpg]
[gorod53.ru/images/anonsy/371.jpg]
[gorod53.ru/userfiles/images/IMG_20211026_122212.jpg]
[gorod53.ru/images/ui/ui-icons_f9bd01_256x240.png]
[gorod53.ru/userfiles/images/IMG_20211026_122125.jpg]
[gorod53.ru/userfiles/images/IMG_20211026_122021.jpg]
[gorod53.ru/userfiles/images/IMG_20211026_121850.jpg]
[gorod53.ru/userfiles/images/IMG_20211026_121816.jpg]
[gorod53.ru/images/ui/ui-icons_2e83ff_256x240.png]
[gorod53.ru/userfiles/images/IMG_20211026_121637.jpg]
[gorod53.ru/userfiles/images/IMG_20211026_121522.jpg]
[gorod53.ru/userfiles/images/IMG_20211026_121406(1).jpg]
[gorod53.ru/userfiles/images/IMG_20211026_121250.jpg]
[gorod53.ru/images/ui/ui-icons_cd0a0a_256x240.png]
[gorod53.ru/userfiles/images/IMG_20211026_121058.jpg]
[gorod53.ru/userfiles/images/IMG_20211026_120857.jpg]
[gorod53.ru/userfiles/images/IMG_20211026_120518.jpg]
[gorod53.ru/userfiles/images/IMG_20211026_120238.jpg]
[gorod53.ru/images/ui/ui-bg_flat_0_aaaaaa_40x100.png]
[gorod53.ru/userfiles/images/IMG_20211026_120140.jpg]
[gorod53.ru/userfiles/images/IMG_20211026_120015.jpg]
[gorod53.ru/userfiles/images/IMG_20211026_115925.jpg]
[gorod53.ru/userfiles/images/IMG_20211026_115749.jpg]
[gorod53.ru/css/jquery-ui.css]
[gorod53.ru/userfiles/images/IMG_20211026_115554.jpg]
[gorod53.ru/userfiles/images/IMG_20211026_115439.jpg]
[gorod53.ru/userfiles/images/IMG_20211026_115353.jpg]
[gorod53.ru/userfiles/images/IMG_20211026_115220.jpg]
[gorod53.ru/js/jquery-1.10.2.min.js]
[gorod53.ru/userfiles/images/IMG_20211026_115137.jpg]
[gorod53.ru/userfiles/images/IMG_20211026_115046.jpg]
[gorod53.ru/userfiles/images/IMG_20211026_114944.jpg]
[gorod53.ru/userfiles/images/IMG_20211026_114903.jpg]
[gorod53.ru/js/jquery.fancybox.pack.js]
[gorod53.ru/userfiles/images/IMG_20211026_114840.jpg]
[gorod53.ru/userfiles/images/IMG_20211026_114707.jpg]
[gorod53.ru/userfiles/images/IMG_20211026_114612.jpg]
[gorod53.ru/userfiles/images/IMG_20211026_122359.jpg]
[gorod53.ru/js/jquery-ui.min.js]
[gorod53.ru/userfiles/images/IMG_20211026_122419.jpg]
[gorod53.ru/images/news/109.jpg]
[gorod53.ru/images/tpl/mod_bread.png]
[gorod53.ru/images/fotoalbomy/49/6153_m.jpg]
[gorod53.ru/js/jquery-ui-timepicker-addon.js]
[gorod53.ru/images/fotoalbomy/42/5802_m.jpg]
[gorod53.ru/images/fotoalbomy/25/3244_m.jpg]
[gorod53.ru/images/fotoalbomy/20/3094_m.jpg]
[gorod53.ru/images/news/110.jpg]
[gorod53.ru/js/carouFredSel/jquery.carouFredSel-6.2.1.js]
[gorod53.ru/images/news/108.jpg]
[gorod53.ru/userfiles/images/v0SJoWMM0zE(3).jpg]
[gorod53.ru/userfiles/images/oHTMaHyQzZk(1).jpg]
[gorod53.ru/userfiles/images/ladushki(2).jpg]
[gorod53.ru/widget_comments.php]
[gorod53.ru/userfiles/images/138acHgzBV4(2).jpg]
[gorod53.ru/userfiles/images/Ok3dN-ucAw8(1).jpg]
[gorod53.ru/userfiles/images/JZdxZMNOESY(1).jpg]
[gorod53.ru/userfiles/images/gc5b1Qn5UTc(1).jpg]
[gorod53.ru/widget_recommended.php]
[gorod53.ru/widget_post.php]
[gorod53.ru/userfiles/images/o1b6Ep8WhXk(1).jpg]
[gorod53.ru/userfiles/images/3Gsp8H2WAdM(2).jpg]
[gorod53.ru/userfiles/images/cYZrOkKmpuE(1).jpg]
[gorod53.ru/userfiles/images/4gh5E7JbGe4(1).jpg]
[gorod53.ru/widget_textlive.php]
[gorod53.ru/userfiles/images/dmayRMUsjck(2).jpg]
[gorod53.ru/userfiles/images/MtZM-rX1gjg(2).jpg]
[gorod53.ru/userfiles/images/A6jwXdQLDoM(1).jpg]
[gorod53.ru/userfiles/images/QcU3Gjedz2w(1).jpg]
[gorod53.ru/widget_like.php]
[gorod53.ru/userfiles/images/o_duRALJkkg(2).jpg]
[gorod53.ru/userfiles/images/tU9g9qu-ecU(2).jpg]
[gorod53.ru/userfiles/images/AUjlY8vL3f8(1).jpg]
[gorod53.ru/userfiles/images/rcQ3atjomxU(1).jpg]
[gorod53.ru/al_widget_poll.php]
[gorod53.ru/userfiles/images/l9oonxY6Hyw(1).jpg]
[gorod53.ru/userfiles/images/RoB-9KN1q7Q(1).jpg]
[gorod53.ru/userfiles/images/G9-o1Idt_h8(2).jpg]
[gorod53.ru/userfiles/images/eP6V6POe8WA(2).jpg]
[gorod53.ru/widget_app.php]
[gorod53.ru/userfiles/images/3Od1QL9fM8I(2).jpg]
[gorod53.ru/userfiles/images/AUjlY8vL3f8(2).jpg]
[gorod53.ru/userfiles/images/rcQ3atjomxU(2).jpg]
[gorod53.ru/userfiles/images/3M7huiCWugI(1).jpg]
[gorod53.ru/widget_community.php]
[gorod53.ru/widget_auth.php]
[gorod53.ru/userfiles/images/hGeqmselUrI(1).jpg]
[gorod53.ru/userfiles/images/HwywhlfvmJs(1).jpg]
[gorod53.ru/userfiles/images/BhABWqquMms(2).jpg]
[gorod53.ru/userfiles/images/2e_DnvaD6MU(2).jpg]
[gorod53.ru/widget_subscribe.php]
[gorod53.ru/userfiles/images/9YRAarQ7xjM(3).jpg]
[gorod53.ru/userfiles/images/trThdUZvyPg.jpg]
[gorod53.ru/userfiles/images/ljgvgjp(2).jpg]
[gorod53.ru/userfiles/images/ekuvmdf3ubg(2).jpg]
[gorod53.ru/widget_contactus.php]
[gorod53.ru/userfiles/images/7k3uCq4W6rg(2).jpg]
[gorod53.ru/userfiles/images/ladushki(1).jpg]
[gorod53.ru/userfiles/images/3Gsp8H2WAdM(1).jpg]
[gorod53.ru/userfiles/images/MtZM-rX1gjg(1).jpg]
[gorod53.ru/widget_bookmarks.php]
[gorod53.ru/userfiles/images/v0SJoWMM0zE(2).jpg]
[gorod53.ru/userfiles/images/2e_DnvaD6MU(1).jpg]
[gorod53.ru/userfiles/images/9YRAarQ7xjM(2).jpg]
[gorod53.ru/userfiles/images/ljgvgjp(3).jpg]
[gorod53.ru/widget_playlist.php]
[gorod53.ru/userfiles/images/138acHgzBV4(1).jpg]
[gorod53.ru/userfiles/images/BhABWqquMms(1).jpg]
[gorod53.ru/userfiles/images/tU9g9qu-ecU(1).jpg]
[gorod53.ru/userfiles/images/3Od1QL9fM8I(1).jpg]
[gorod53.ru/ads_rotate.php]
[gorod53.ru/userfiles/images/eP6V6POe8WA(1).jpg]
[gorod53.ru/userfiles/images/G9-o1Idt_h8(1).jpg]
[gorod53.ru/userfiles/images/02.jpg]
[gorod53.ru/userfiles/images/hknYJpeC2X4-2(1).jpg]
[gorod53.ru/userfiles/images/1 shangurova.jpg]
[gorod53.ru/userfiles/images/y_8ef5a2b6.jpg]
[gorod53.ru/userfiles/images/z_dcf6b8bc.jpg]
[gorod53.ru/userfiles/images/z_e39ac456.jpg]
[gorod53.ru/widget_allow_messages_from_community.php]
[gorod53.ru/userfiles/images/dmayRMUsjck(2)(1).jpg]
[gorod53.ru/userfiles/files/     (2020).pdf]
[gorod53.ru/userfiles/files/  -  N1 -     (2020-2021).pdf]
[gorod53.ru/userfiles/files/    () -  N 2   (2017).pdf]
[gorod53.ru/widget_article.php]
[gorod53.ru/userfiles/files/       -  N 3  N 4  .pdf]
[gorod53.ru/userfiles/files/  -  N2 -     (2020-2021).pdf]
[gorod53.ru/userfiles/files/  -  N3 -      (2020-2021).pdf]
[gorod53.ru/userfiles/files/  -  N4 - -  (2020-2021).pdf]
[gorod53.ru/widget_podcast.php]
[gorod53.ru/userfiles/files/  -  N5 - -  (2020-2021).pdf]
[gorod53.ru/images/anonsy/124.jpg]
[gorod53.ru/images/anonsy/124-sm.jpg]
[gorod53.ru/images/anonsy/354-sm.jpg]
[gorod53.ru/reforged_widget.php]
[gorod53.ru/images/anonsy/358-sm.jpg]
[gorod53.ru/images/anonsy/361-sm.jpg]
[gorod53.ru/images/anonsy/362-sm.jpg]
[gorod53.ru/images/anonsy/363-sm.jpg]
[gorod53.ru/blankd41d.php]
[gorod53.ru/images/anonsy/374.jpg]
[sun9-85.userapi.com/impg/87PZCRnSi0c5P5TXiaTzP1-y7J2hziVYZbE-mg/qh8hB3tgMkI4e82.jpg]
[sun9-82.userapi.com/impg/Hel_sXYzHZ3kmtltjQIJsK2n2RwRTPeyZ3cnaQ/nYs1w2ZCCIwf4fe.jpg]
[sun9-80.userapi.com/impg/ep2mwEUge6hxealdavvlkBk8h5KO8mwZp3g27A/8lw_Z99MEv0844c.jpg]
[sun9-41.userapi.com/impg/3IwbEM35wa3nB2aaJVnqx8sCMxCsDuYJ9dUW4w/ZSwkXujW0ic3b92.jpg]
[sun9-31.userapi.com/impg/jAUkXoowreHrLB9rtpeZC-TlrO5o5cfYOALX8A/06pw4kNwCQc7cc5.jpg]
[gorod53.ru/userfiles/images/ , 7 .jpg]
[gorod53.ru/userfiles/images/ , 10 .jpg]
[vk.com/js/api/openapi698d.js]
[gorod53.ru/userfiles/images/ , 7 (1).jpg]
[sun9-18.userapi.com/impg/SA9IHJcOPtLaV7vamBzAGWFtAxI8__3lILlG2A/OaoB4HqNzC08749.jpg]
[gorod53.ru/js/templates30f4.js]
[gorod53.ru/userfiles/images/ , 7 (2).jpg]
[vk.com/js/api/openapi7e77.js]
[gorod53.ru/userfiles/images/ , 10 (1).jpg]
[gorod53.ru/userfiles/images/ , 11  (2).jpg]
[gorod53.ru/protivodejstvie-korruptcii.html]
[gorod53.ru/userfiles/images/ , 9 .jpg]
[gorod53.ru/userfiles/images/ , 11 .jpg]
[gorod53.ru/userfiles/images/ , 5 .jpg]
[gorod53.ru/o-nas.html]
[gorod53.ru/userfiles/images/ , 6 .jpg]
[gorod53.ru/userfiles/images/ , 9 (1).jpg]
[gorod53.ru/userfiles/images/ , 11 (1).jpg]
[gorod53.ru/anonsy/index.html]
[gorod53.ru/userfiles/images/ , 5 (1).jpg]
[gorod53.ru/userfiles/images/ , 9  (2).jpg]
[gorod53.ru/anonsy/381.html]
[gorod53.ru/userfiles/images/ , 11  (2)(1).jpg]
[gorod53.ru/userfiles/images/ , 5 (2).jpg]
[gorod53.ru/anonsy/378.html]
[gorod53.ru/userfiles/images/ , 9 (2).jpg]
[gorod53.ru/userfiles/images/ , 4 .jpg]
[gorod53.ru/anonsy/370.html]
[gorod53.ru/userfiles/images/ , 6 (2).jpg]
[gorod53.ru/userfiles/images/ , 6 (3).jpg]
[gorod53.ru/anonsy/371.html]
[gorod53.ru/userfiles/images/ , 11 (2).jpg]
[gorod53.ru/userfiles/images/ , 10 (2).jpg]
[gorod53.ru/novosti/109.html]
[gorod53.ru/userfiles/images/ , 9 (3).jpg]
[gorod53.ru/userfiles/images/ , 9 (4).jpg]
[gorod53.ru/userfiles/images/IMG_20211026_123938.jpg]
[pos.gosuslugi.ru/bin/banner-fluid/gosuslugi-logo.svg]
[gorod53.ru/userfiles/images/IMG_20211026_122552.jpg]
[pos.gosuslugi.ru/bin/banner-fluid/2/banner-fluid-bg-2.svg]
[sun9-29.userapi.com/impg/m3g83Eu0GxkNLQTBmftiqXeR7JT7T1OaXYp6jQ/AltlV-iuwiob361.jpg]
[sun9-57.userapi.com/impg/9GI_Y_0EtsqUDuxejDOnnVe-XJneyHr7s8aCmQ/Ymb077WXnIgd2e3.jpg]
[gorod53.ru/userfiles/images/IMG_20211026_122632.jpg]
[gorod53.ru/fotogalereya/index.html]
[gorod53.ru/userfiles/images/IMG_20211026_122717.jpg]
[bs.yandex.ru/informer/26044164/3_0_FFFFFFFF_EFEFEFFF_0_pageviews.html]
[gorod53.ru/userfiles/images/IMG_20211026_123113.jpg]
[gorod53.ru/userfiles/images/IMG_20211026_123146.jpg]
[gorod53.ru/mi-ispolzuem-cookie.html]
[gorod53.ru/userfiles/images/IMG_20211026_123257.jpg]
[gorod53.ru/protivodejstvie-korruptciie732.html]
[gorod53.ru/userfiles/images/IMG_20211026_123347.jpg]
[gorod53.ru/images/special/images/logo_w.html]
[gorod53.ru/userfiles/images/IMG_20211026_123559.jpg]
[gorod53.ru/images/special/images/tab_sep01.html]
[gorod53.ru/userfiles/images/IMG_20211026_123639.jpg]
[gorod53.ru/images/special/images/logo_b.html]
[gorod53.ru/images/fotoalbomy/49/6153_b.jpg]
[gorod53.ru/images/special/images/tab_sep02.html]
[gorod53.ru/images/fotoalbomy/49/6184_b.jpg]
[gorod53.ru/images/special/images/logo_c.html]
[gorod53.ru/images/fotoalbomy/49/6197_b.jpg]
[gorod53.ru/images/special/images/tab_sep03.html]
[gorod53.ru/images/fotoalbomy/49/6205_b.jpg]
[gorod53.ru/images/special/js/pie.html]
[gorod53.ru/images/fotoalbomy/49/6206_b.jpg]
[gorod53.ru/versiya-dlya-slabovidyashchihe732.html]
[gorod53.ru/images/fotoalbomy/49/6207_b.jpg]
[gorod53.ru/o-nase732.html]
[gorod53.ru/images/fotoalbomy/49/6210_b.jpg]
[gorod53.ru/images/fotoalbomy/49/6235_b.jpg]
[gorod53.ru/novosti/110.html]
[gorod53.ru/images/fotoalbomy/49/6236_b.jpg]
[gorod53.ru/images/fotoalbomy/49/6237_b.jpg]
[gorod53.ru/novosti/108.html]
[gorod53.ru/images/fotoalbomy/49/6239_b.jpg]
[gorod53.ru/klubnie-formirovaniya/indexe732.html]
[gorod53.ru/images/fotoalbomy/49/6241_b.jpg]
[gorod53.ru/narodnie-kollektivi/horeograficheskaya-studiya-apelsin.html]
[gorod53.ru/images/fotoalbomy/49/6242_b.jpg]
[gorod53.ru/narodnie-kollektivi/indexe732.html]
[gorod53.ru/images/fotoalbomy/49/6248_b.jpg]
[gorod53.ru/uslugi/indexe732.html]
[gorod53.ru/images/fotoalbomy/49/6250_b.jpg]
[gorod53.ru/sout/index.html]
[gorod53.ru/images/fotoalbomy/49/6267_b.jpg]
[gorod53.ru/plan-raboti-mauk-dvoretc-kulturi-i-molodezhi-gorod.html]
[gorod53.ru/images/fotoalbomy/49/6277_b.jpg]
[gorod53.ru/images/fotoalbomy/49/6282_b.jpg]
[gorod53.ru/images/fotoalbomy/49/6283_b.jpg]
[gorod53.ru/images/fotoalbomy/49/6284_b.jpg]
[gorod53.ru/anonsy/381e732.html]
[gorod53.ru/images/fotoalbomy/49/6285_b.jpg]
[gorod53.ru/images/fotoalbomy/49/6298_b.jpg]
[gorod53.ru/anonsy/374.html]
[gorod53.ru/images/fotoalbomy/49/6307_b.jpg]
[gorod53.ru/images/fotoalbomy/49/6308_b.jpg]
[gorod53.ru/anonsy/372.html]
[gorod53.ru/images/fotoalbomy/49/6313_b.jpg]
[gorod53.ru/images/fotoalbomy/49/6315_b.jpg]
[gorod53.ru/anonsy/368.html]
[gorod53.ru/images/fotoalbomy/49/6316_b.jpg]
[gorod53.ru/novosti/109e732.html]
[gorod53.ru/images/fotoalbomy/49/6317_b.jpg]
[gorod53.ru/images/fotoalbomy/49/6320_b.jpg]
[gorod53.ru/fotogalereya/49.html]
[gorod53.ru/images/fotoalbomy/49/6321_b.jpg]
[gorod53.ru/images/fotoalbomy/49/6322_b.jpg]
[gorod53.ru/fotogalereya/42.html]
[gorod53.ru/images/fotoalbomy/49/6327_b.jpg]
[gorod53.ru/images/fotoalbomy/49/6331_b.jpg]
[gorod53.ru/fotogalereya/25.html]
[gorod53.ru/images/fotoalbomy/49/6332_b.jpg]
[gorod53.ru/images/fotoalbomy/49/6333_b.jpg]
[gorod53.ru/fotogalereya/20.html]
[gorod53.ru/images/fotoalbomy/49/6343_b.jpg]
[gorod53.ru/fotogalereya/indexe732.html]
[gorod53.ru/images/fotoalbomy/49/6345_b.jpg]
[gorod53.ru/images/fotoalbomy/49/6346_b.jpg]
[gorod53.ru/klubnie-formirovaniya/horeograficheskie-kollektivi/shkola-studiya-tantcuyushij-gorod.html]
[gorod53.ru/images/fotoalbomy/49/6348_b.jpg]
[gorod53.ru/klubnie-formirovaniya/horeograficheskie-kollektivi/shkola-brejk-dansa-nova-breaking-school.html]
[gorod53.ru/images/fotoalbomy/49/6358_b.jpg]
[gorod53.ru/images/fotoalbomy/49/6359_b.jpg]
[gorod53.ru/klubnie-formirovaniya/vokalnie-kollektivi/gruppa-meloman.html]
[gorod53.ru/images/fotoalbomy/49/6366_b.jpg]
[gorod53.ru/images/fotoalbomy/49/6370_b.jpg]
[gorod53.ru/klubnie-formirovaniya/dekorativno-prikladnoe-tvorchestvo/studiya-traditcionnoj-rospisi-alenkij-tcvetochek.html]
[gorod53.ru/images/fotoalbomy/49/6377_b.jpg]
[gorod53.ru/images/fotoalbomy/49/6378_b.jpg]
[gorod53.ru/klubnie-formirovaniya/izobrazitelnoe-iskusstvo/studiya-traditcionnoj-rospisi-alenkij-tcvetochek.html]
[gorod53.ru/images/fotoalbomy/49/6380_b.jpg]
[gorod53.ru/klubnie-formirovaniya/izobrazitelnoe-iskusstvo/studiya-izobrazitelnogo-iskusstva-karmin.html]
[gorod53.ru/images/fotoalbomy/49/6384_b.jpg]
[gorod53.ru/klubnie-formirovaniya/izobrazitelnoe-iskusstvo/studiya-izobrazitelnogo-iskusstva-perspektiva.html]
[gorod53.ru/images/fotoalbomy/49/6389_b.jpg]
[gorod53.ru/images/fotoalbomy/49/6391_b.jpg]
[gorod53.ru/klubnie-formirovaniya/teatralnie-kollektivi/teatr-neslishashego-aktera-zhest.html]
[gorod53.ru/images/fotoalbomy/49/6392_b.jpg]
[gorod53.ru/images/fotoalbomy/49/6395_b.jpg]
[gorod53.ru/klubnie-formirovaniya/razvivayushe-obuchayushaya-deyatelnost/mini-shkola-uchimsya-igraya.html]
[gorod53.ru/images/fotoalbomy/42/5806_b.jpg]
[gorod53.ru/images/fotoalbomy/42/5892_b.jpg]
[gorod53.ru/klubnie-formirovaniya/narodnie-kollektivi/horeograficheskij-ansambl-ladushki.html]
[gorod53.ru/images/fotoalbomy/42/5893_b.jpg]
[gorod53.ru/images/fotoalbomy/42/5895_b.jpg]
[gorod53.ru/anonsy/354.html]
[gorod53.ru/images/fotoalbomy/25/3258_b.jpg]
[gorod53.ru/images/fotoalbomy/25/3299_b.jpg]
[gorod53.ru/anonsy/358.html]
[gorod53.ru/images/fotoalbomy/25/3321_b.jpg]
[gorod53.ru/images/fotoalbomy/25/3328_b.jpg]
[gorod53.ru/anonsy/361.html]
[gorod53.ru/userfiles/images/oHTMaHyQzZk.jpg]
[gorod53.ru/userfiles/images/Ok3dN-ucAw8.jpg]
[gorod53.ru/anonsy/362.html]
[gorod53.ru/userfiles/images/JZdxZMNOESY.jpg]
[gorod53.ru/userfiles/images/gc5b1Qn5UTc.jpg]
[gorod53.ru/anonsy/363.html]
[gorod53.ru/userfiles/images/o1b6Ep8WhXk.jpg]
[gorod53.ru/userfiles/images/cYZrOkKmpuE.jpg]
[gorod53.ru/userfiles/images/dmayRMUsjck(1).jpg]
[gorod53.ru/userfiles/images/A6jwXdQLDoM.jpg]
[gorod53.ru/userfiles/images/QcU3Gjedz2w.jpg]
[gorod53.ru/userfiles/images/o_duRALJkkg(1).jpg]
[gorod53.ru/userfiles/images/AUjlY8vL3f8.jpg]
[gorod53.ru/userfiles/images/rcQ3atjomxU.jpg]
[gorod53.ru/userfiles/images/l9oonxY6Hyw.jpg]
[gorod53.ru/userfiles/images/RoB-9KN1q7Q.jpg]
[gorod53.ru/userfiles/images/hGeqmselUrI.jpg]
[gorod53.ru/userfiles/images/ljgvgjp(1).jpg]
[gorod53.ru/userfiles/images/7k3uCq4W6rg.jpg]
[gorod53.ru/userfiles/images/lsYJ3oG-aV0.jpg]
[gorod53.ru/userfiles/images/    (14).jpg]
[gorod53.ru/userfiles/images/      (1).jpg]
[gorod53.ru/userfiles/images/    (15).jpg]
[gorod53.ru/userfiles/images/  ,   .jpg]
[gorod53.ru/userfiles/images/   (22).jpg]
[gorod53.ru/userfiles/images/    (16).jpg]
[gorod53.ru/userfiles/images/   (23).jpg]
[gorod53.ru/userfiles/images/ ,   .jpg]
[gorod53.ru/userfiles/images/       .jpg]
[gorod53.ru/userfiles/images/    (17).jpg]
[gorod53.ru/userfiles/images/      (2).jpg]
[gorod53.ru/userfiles/images/      (3).jpg]
[gorod53.ru/userfiles/images/     (4).jpg]
[gorod53.ru/userfiles/images/   (24).jpg]
[gorod53.ru/userfiles/images/    (18).jpg]
[gorod53.ru/userfiles/images/      (4).jpg]
[gorod53.ru/userfiles/images/    ,    (2).jpg]
[gorod53.ru/userfiles/images/    ,   .jpg]
[gorod53.ru/userfiles/images/     (5).jpg]
[gorod53.ru/userfiles/images/ - ,   .jpg]
[gorod53.ru/userfiles/images/,   .jpg]
[gorod53.ru/userfiles/images/    (19).jpg]
[gorod53.ru/userfiles/images/     (6).jpg]
[gorod53.ru/userfiles/images/       (1).jpg]
[gorod53.ru/userfiles/images/       ,   -   .jpg]
[gorod53.ru/userfiles/images/  ,    2.jpg]
[gorod53.ru/userfiles/images/kbKcbVot7ww.jpg]
[gorod53.ru/userfiles/images/bUDqSsx1-1M.jpg]
[gorod53.ru/userfiles/images/4Nu2j07oz6o.jpg]
[gorod53.ru/userfiles/images/ikhfjkyg.jpg]
[gorod53.ru/userfiles/files/        .PDF]
[gorod53.ru/userfiles/files/ (7).pdf]
[sun9-19.userapi.com/impg/IuuxNCv5I2oyNPvcCps4mGfBavV-yxitC0wbpg/hrXcVLawzl4d232.jpg]
[gorod53.ru/anonsy/369e732.html]
[gorod53.ru/anonsy/365e732.html]
[gorod53.ru/klubnie-formirovaniya/studii-dlya-podrostkov-s-7-17-let/teatr-yunogo-zritelya.html]
[gorod53.ru/anonsy/367e732.html]
[gorod53.ru/images/tpl/key.html]
[gorod53.ru/css/Ubuntu-C.eot]
[gorod53.ru/css/Ubuntu-C.ttf]
[gorod53.ru/; path=/index.html]
[gorod53.ru/; path=/index.html]
[gorod53.ru/widget_comments.html]
[gorod53.ru/widget_recommended.html]
[gorod53.ru/widget_post.html]
[gorod53.ru/widget_textlive.html]
[gorod53.ru/widget_like.html]
[gorod53.ru/al_widget_poll.html]
[gorod53.ru/widget_app.html]
[gorod53.ru/widget_community.html]
[gorod53.ru/widget_auth.html]
[gorod53.ru/widget_subscribe.html]
[gorod53.ru/widget_contactus.html]
[gorod53.ru/widget_bookmarks.html]
[gorod53.ru/widget_playlist.html]
[gorod53.ru/ads_rotate.html]
[gorod53.ru/web/ads_lightd41d.html]
[gorod53.ru/widget_allow_messages_from_community.html]
[gorod53.ru/widget_article.html]
[gorod53.ru/widget_podcast.html]
[gorod53.ru/reforged_widget.html]
[gorod53.ru/blankd41d.html]
[vk.com/js/api/openapi_updated41d.html]
[gorod53.ru/api/openapi.html]
[file/G_/User ++++++/2022 / /Plan FXD DKM GOROD (na 2021) (v redakcii 31.12.2021).pdf]
